{"C:\\Users\\CETECOM\\Desktop\\frontend_HH\\src\\App.jsx": {"path":"C:\\Users\\CETECOM\\Desktop\\frontend_HH\\src\\App.jsx","all":true,"statementMap":{"0":{"start":{"line":1,"column":0},"end":{"line":1,"column":73}},"1":{"start":{"line":2,"column":0},"end":{"line":2,"column":31}},"2":{"start":{"line":3,"column":0},"end":{"line":3,"column":33}},"3":{"start":{"line":4,"column":0},"end":{"line":4,"column":37}},"4":{"start":{"line":5,"column":0},"end":{"line":5,"column":39}},"5":{"start":{"line":6,"column":0},"end":{"line":6,"column":31}},"6":{"start":{"line":7,"column":0},"end":{"line":7,"column":43}},"7":{"start":{"line":8,"column":0},"end":{"line":8,"column":31}},"8":{"start":{"line":9,"column":0},"end":{"line":9,"column":33}},"9":{"start":{"line":10,"column":0},"end":{"line":10,"column":39}},"10":{"start":{"line":11,"column":0},"end":{"line":11,"column":37}},"11":{"start":{"line":12,"column":0},"end":{"line":12,"column":39}},"12":{"start":{"line":13,"column":0},"end":{"line":13,"column":35}},"13":{"start":{"line":14,"column":0},"end":{"line":14,"column":51}},"14":{"start":{"line":15,"column":0},"end":{"line":15,"column":52}},"15":{"start":{"line":16,"column":0},"end":{"line":16,"column":52}},"16":{"start":{"line":17,"column":0},"end":{"line":17,"column":46}},"17":{"start":{"line":18,"column":0},"end":{"line":18,"column":64}},"18":{"start":{"line":19,"column":0},"end":{"line":19,"column":40}},"19":{"start":{"line":20,"column":0},"end":{"line":20,"column":50}},"21":{"start":{"line":22,"column":0},"end":{"line":22,"column":16}},"24":{"start":{"line":25,"column":0},"end":{"line":25,"column":10}},"25":{"start":{"line":26,"column":0},"end":{"line":26,"column":18}},"26":{"start":{"line":27,"column":0},"end":{"line":27,"column":18}},"27":{"start":{"line":28,"column":0},"end":{"line":28,"column":14}},"28":{"start":{"line":29,"column":0},"end":{"line":29,"column":23}},"29":{"start":{"line":30,"column":0},"end":{"line":30,"column":52}},"30":{"start":{"line":31,"column":0},"end":{"line":31,"column":35}},"31":{"start":{"line":32,"column":0},"end":{"line":32,"column":20}},"32":{"start":{"line":33,"column":0},"end":{"line":33,"column":49}},"33":{"start":{"line":34,"column":0},"end":{"line":34,"column":55}},"34":{"start":{"line":35,"column":0},"end":{"line":35,"column":59}},"35":{"start":{"line":36,"column":0},"end":{"line":36,"column":53}},"36":{"start":{"line":37,"column":0},"end":{"line":37,"column":63}},"37":{"start":{"line":38,"column":0},"end":{"line":38,"column":57}},"38":{"start":{"line":39,"column":0},"end":{"line":39,"column":61}},"39":{"start":{"line":40,"column":0},"end":{"line":40,"column":57}},"40":{"start":{"line":41,"column":0},"end":{"line":41,"column":64}},"41":{"start":{"line":42,"column":0},"end":{"line":42,"column":61}},"42":{"start":{"line":43,"column":0},"end":{"line":43,"column":55}},"43":{"start":{"line":44,"column":0},"end":{"line":44,"column":60}},"44":{"start":{"line":45,"column":0},"end":{"line":45,"column":58}},"45":{"start":{"line":46,"column":0},"end":{"line":46,"column":21}},"46":{"start":{"line":47,"column":0},"end":{"line":47,"column":17}},"48":{"start":{"line":49,"column":0},"end":{"line":49,"column":32}},"49":{"start":{"line":50,"column":0},"end":{"line":50,"column":23}},"51":{"start":{"line":52,"column":0},"end":{"line":52,"column":20}},"52":{"start":{"line":53,"column":0},"end":{"line":53,"column":14}},"53":{"start":{"line":54,"column":0},"end":{"line":54,"column":15}},"54":{"start":{"line":55,"column":0},"end":{"line":55,"column":19}},"55":{"start":{"line":56,"column":0},"end":{"line":56,"column":19}},"57":{"start":{"line":58,"column":0},"end":{"line":58,"column":1}},"59":{"start":{"line":60,"column":0},"end":{"line":60,"column":18}}},"s":{"0":0,"1":0,"2":0,"3":0,"4":0,"5":0,"6":0,"7":0,"8":0,"9":0,"10":0,"11":0,"12":0,"13":0,"14":0,"15":0,"16":0,"17":0,"18":0,"19":0,"21":0,"24":0,"25":0,"26":0,"27":0,"28":0,"29":0,"30":0,"31":0,"32":0,"33":0,"34":0,"35":0,"36":0,"37":0,"38":0,"39":0,"40":0,"41":0,"42":0,"43":0,"44":0,"45":0,"46":0,"48":0,"49":0,"51":0,"52":0,"53":0,"54":0,"55":0,"57":0,"59":0},"branchMap":{"0":{"type":"branch","line":1,"loc":{"start":{"line":1,"column":2134},"end":{"line":60,"column":18}},"locations":[{"start":{"line":1,"column":2134},"end":{"line":60,"column":18}}]}},"b":{"0":[0]},"fnMap":{"0":{"name":"(empty-report)","decl":{"start":{"line":1,"column":2134},"end":{"line":60,"column":18}},"loc":{"start":{"line":1,"column":2134},"end":{"line":60,"column":18}},"line":1}},"f":{"0":0}}
,"C:\\Users\\CETECOM\\Desktop\\frontend_HH\\src\\main.jsx": {"path":"C:\\Users\\CETECOM\\Desktop\\frontend_HH\\src\\main.jsx","all":true,"statementMap":{"0":{"start":{"line":1,"column":0},"end":{"line":1,"column":34}},"1":{"start":{"line":2,"column":0},"end":{"line":2,"column":45}},"2":{"start":{"line":3,"column":0},"end":{"line":3,"column":20}},"3":{"start":{"line":4,"column":0},"end":{"line":4,"column":27}},"5":{"start":{"line":6,"column":0},"end":{"line":6,"column":51}},"6":{"start":{"line":7,"column":0},"end":{"line":7,"column":14}},"7":{"start":{"line":8,"column":0},"end":{"line":8,"column":11}},"8":{"start":{"line":9,"column":0},"end":{"line":9,"column":16}},"9":{"start":{"line":10,"column":0},"end":{"line":10,"column":1}}},"s":{"0":0,"1":0,"2":0,"3":0,"5":0,"6":0,"7":0,"8":0,"9":0},"branchMap":{"0":{"type":"branch","line":1,"loc":{"start":{"line":1,"column":0},"end":{"line":10,"column":-133}},"locations":[{"start":{"line":1,"column":0},"end":{"line":10,"column":-133}}]}},"b":{"0":[0]},"fnMap":{"0":{"name":"(empty-report)","decl":{"start":{"line":1,"column":0},"end":{"line":10,"column":-133}},"loc":{"start":{"line":1,"column":0},"end":{"line":10,"column":-133}},"line":1}},"f":{"0":0}}
,"C:\\Users\\CETECOM\\Desktop\\frontend_HH\\src\\components\\CartPanel.jsx": {"path":"C:\\Users\\CETECOM\\Desktop\\frontend_HH\\src\\components\\CartPanel.jsx","all":true,"statementMap":{"0":{"start":{"line":1,"column":0},"end":{"line":1,"column":50}},"1":{"start":{"line":2,"column":0},"end":{"line":2,"column":48}},"2":{"start":{"line":3,"column":0},"end":{"line":3,"column":46}},"3":{"start":{"line":4,"column":0},"end":{"line":4,"column":48}},"5":{"start":{"line":6,"column":0},"end":{"line":6,"column":37}},"6":{"start":{"line":7,"column":0},"end":{"line":7,"column":111}},"7":{"start":{"line":8,"column":0},"end":{"line":8,"column":55}},"8":{"start":{"line":9,"column":0},"end":{"line":9,"column":51}},"9":{"start":{"line":10,"column":0},"end":{"line":10,"column":32}},"10":{"start":{"line":11,"column":0},"end":{"line":11,"column":39}},"11":{"start":{"line":12,"column":0},"end":{"line":12,"column":19}},"12":{"start":{"line":13,"column":0},"end":{"line":13,"column":25}},"13":{"start":{"line":14,"column":0},"end":{"line":14,"column":26}},"14":{"start":{"line":15,"column":0},"end":{"line":15,"column":67}},"15":{"start":{"line":16,"column":0},"end":{"line":16,"column":5}},"16":{"start":{"line":17,"column":0},"end":{"line":17,"column":45}},"17":{"start":{"line":18,"column":0},"end":{"line":18,"column":61}},"18":{"start":{"line":19,"column":0},"end":{"line":19,"column":29}},"20":{"start":{"line":21,"column":0},"end":{"line":21,"column":10}},"21":{"start":{"line":22,"column":0},"end":{"line":22,"column":65}},"23":{"start":{"line":24,"column":0},"end":{"line":24,"column":10}},"24":{"start":{"line":25,"column":0},"end":{"line":25,"column":31}},"25":{"start":{"line":26,"column":0},"end":{"line":26,"column":144}},"26":{"start":{"line":27,"column":0},"end":{"line":27,"column":42}},"27":{"start":{"line":28,"column":0},"end":{"line":28,"column":8}},"30":{"start":{"line":31,"column":0},"end":{"line":31,"column":12}},"31":{"start":{"line":32,"column":0},"end":{"line":32,"column":31}},"32":{"start":{"line":33,"column":0},"end":{"line":33,"column":216}},"34":{"start":{"line":35,"column":0},"end":{"line":35,"column":15}},"35":{"start":{"line":36,"column":0},"end":{"line":36,"column":37}},"36":{"start":{"line":37,"column":0},"end":{"line":37,"column":44}},"37":{"start":{"line":38,"column":0},"end":{"line":38,"column":124}},"39":{"start":{"line":40,"column":0},"end":{"line":40,"column":129}},"40":{"start":{"line":41,"column":0},"end":{"line":41,"column":257}},"41":{"start":{"line":42,"column":0},"end":{"line":42,"column":16}},"42":{"start":{"line":43,"column":0},"end":{"line":43,"column":17}},"43":{"start":{"line":44,"column":0},"end":{"line":44,"column":59}},"44":{"start":{"line":45,"column":0},"end":{"line":45,"column":77}},"45":{"start":{"line":46,"column":0},"end":{"line":46,"column":14}},"46":{"start":{"line":47,"column":0},"end":{"line":47,"column":30}},"47":{"start":{"line":48,"column":0},"end":{"line":48,"column":78}},"49":{"start":{"line":50,"column":0},"end":{"line":50,"column":42}},"50":{"start":{"line":51,"column":0},"end":{"line":51,"column":38}},"51":{"start":{"line":52,"column":0},"end":{"line":52,"column":18}},"52":{"start":{"line":53,"column":0},"end":{"line":53,"column":29}},"53":{"start":{"line":54,"column":0},"end":{"line":54,"column":180}},"54":{"start":{"line":55,"column":0},"end":{"line":55,"column":60}},"56":{"start":{"line":57,"column":0},"end":{"line":57,"column":57}},"57":{"start":{"line":58,"column":0},"end":{"line":58,"column":96}},"58":{"start":{"line":59,"column":0},"end":{"line":59,"column":43}},"59":{"start":{"line":60,"column":0},"end":{"line":60,"column":84}},"60":{"start":{"line":61,"column":0},"end":{"line":61,"column":88}},"61":{"start":{"line":62,"column":0},"end":{"line":62,"column":24}},"62":{"start":{"line":63,"column":0},"end":{"line":63,"column":22}},"63":{"start":{"line":64,"column":0},"end":{"line":64,"column":57}},"64":{"start":{"line":65,"column":0},"end":{"line":65,"column":177}},"65":{"start":{"line":66,"column":0},"end":{"line":66,"column":116}},"66":{"start":{"line":67,"column":0},"end":{"line":67,"column":22}},"67":{"start":{"line":68,"column":0},"end":{"line":68,"column":20}},"68":{"start":{"line":69,"column":0},"end":{"line":69,"column":15}},"70":{"start":{"line":71,"column":0},"end":{"line":71,"column":64}},"71":{"start":{"line":72,"column":0},"end":{"line":72,"column":65}},"72":{"start":{"line":73,"column":0},"end":{"line":73,"column":78}},"73":{"start":{"line":74,"column":0},"end":{"line":74,"column":83}},"74":{"start":{"line":75,"column":0},"end":{"line":75,"column":20}},"75":{"start":{"line":76,"column":0},"end":{"line":76,"column":47}},"76":{"start":{"line":77,"column":0},"end":{"line":77,"column":23}},"77":{"start":{"line":78,"column":0},"end":{"line":78,"column":34}},"78":{"start":{"line":79,"column":0},"end":{"line":79,"column":43}},"79":{"start":{"line":80,"column":0},"end":{"line":80,"column":74}},"80":{"start":{"line":81,"column":0},"end":{"line":81,"column":28}},"81":{"start":{"line":82,"column":0},"end":{"line":82,"column":43}},"82":{"start":{"line":83,"column":0},"end":{"line":83,"column":40}},"83":{"start":{"line":84,"column":0},"end":{"line":84,"column":21}},"84":{"start":{"line":85,"column":0},"end":{"line":85,"column":20}},"85":{"start":{"line":86,"column":0},"end":{"line":86,"column":46}},"86":{"start":{"line":87,"column":0},"end":{"line":87,"column":134}},"87":{"start":{"line":88,"column":0},"end":{"line":88,"column":36}},"88":{"start":{"line":89,"column":0},"end":{"line":89,"column":23}},"89":{"start":{"line":90,"column":0},"end":{"line":90,"column":89}},"90":{"start":{"line":91,"column":0},"end":{"line":91,"column":46}},"91":{"start":{"line":92,"column":0},"end":{"line":92,"column":123}},"92":{"start":{"line":93,"column":0},"end":{"line":93,"column":32}},"93":{"start":{"line":94,"column":0},"end":{"line":94,"column":20}},"94":{"start":{"line":95,"column":0},"end":{"line":95,"column":18}},"95":{"start":{"line":96,"column":0},"end":{"line":96,"column":16}},"99":{"start":{"line":100,"column":0},"end":{"line":100,"column":25}},"100":{"start":{"line":101,"column":0},"end":{"line":101,"column":82}},"101":{"start":{"line":102,"column":0},"end":{"line":102,"column":89}},"102":{"start":{"line":103,"column":0},"end":{"line":103,"column":129}},"103":{"start":{"line":104,"column":0},"end":{"line":104,"column":57}},"104":{"start":{"line":105,"column":0},"end":{"line":105,"column":23}},"105":{"start":{"line":106,"column":0},"end":{"line":106,"column":34}},"106":{"start":{"line":107,"column":0},"end":{"line":107,"column":31}},"107":{"start":{"line":108,"column":0},"end":{"line":108,"column":41}},"108":{"start":{"line":109,"column":0},"end":{"line":109,"column":38}},"109":{"start":{"line":110,"column":0},"end":{"line":110,"column":63}},"110":{"start":{"line":111,"column":0},"end":{"line":111,"column":20}},"111":{"start":{"line":112,"column":0},"end":{"line":112,"column":77}},"112":{"start":{"line":113,"column":0},"end":{"line":113,"column":36}},"113":{"start":{"line":114,"column":0},"end":{"line":114,"column":124}},"114":{"start":{"line":115,"column":0},"end":{"line":115,"column":20}},"115":{"start":{"line":116,"column":0},"end":{"line":116,"column":18}},"116":{"start":{"line":117,"column":0},"end":{"line":117,"column":16}},"120":{"start":{"line":121,"column":0},"end":{"line":121,"column":23}},"121":{"start":{"line":122,"column":0},"end":{"line":122,"column":55}},"122":{"start":{"line":123,"column":0},"end":{"line":123,"column":110}},"123":{"start":{"line":124,"column":0},"end":{"line":124,"column":16}},"125":{"start":{"line":126,"column":0},"end":{"line":126,"column":14}},"126":{"start":{"line":127,"column":0},"end":{"line":127,"column":10}},"128":{"start":{"line":129,"column":0},"end":{"line":129,"column":1}}},"s":{"0":0,"1":0,"2":0,"3":0,"5":0,"6":0,"7":0,"8":0,"9":0,"10":0,"11":0,"12":0,"13":0,"14":0,"15":0,"16":0,"17":0,"18":0,"20":0,"21":0,"23":0,"24":0,"25":0,"26":0,"27":0,"30":0,"31":0,"32":0,"34":0,"35":0,"36":0,"37":0,"39":0,"40":0,"41":0,"42":0,"43":0,"44":0,"45":0,"46":0,"47":0,"49":0,"50":0,"51":0,"52":0,"53":0,"54":0,"56":0,"57":0,"58":0,"59":0,"60":0,"61":0,"62":0,"63":0,"64":0,"65":0,"66":0,"67":0,"68":0,"70":0,"71":0,"72":0,"73":0,"74":0,"75":0,"76":0,"77":0,"78":0,"79":0,"80":0,"81":0,"82":0,"83":0,"84":0,"85":0,"86":0,"87":0,"88":0,"89":0,"90":0,"91":0,"92":0,"93":0,"94":0,"95":0,"99":0,"100":0,"101":0,"102":0,"103":0,"104":0,"105":0,"106":0,"107":0,"108":0,"109":0,"110":0,"111":0,"112":0,"113":0,"114":0,"115":0,"116":0,"120":0,"121":0,"122":0,"123":0,"125":0,"126":0,"128":0},"branchMap":{"0":{"type":"branch","line":1,"loc":{"start":{"line":1,"column":6353},"end":{"line":129,"column":1}},"locations":[{"start":{"line":1,"column":6353},"end":{"line":129,"column":1}}]}},"b":{"0":[0]},"fnMap":{"0":{"name":"(empty-report)","decl":{"start":{"line":1,"column":6353},"end":{"line":129,"column":1}},"loc":{"start":{"line":1,"column":6353},"end":{"line":129,"column":1}},"line":1}},"f":{"0":0}}
,"C:\\Users\\CETECOM\\Desktop\\frontend_HH\\src\\components\\FloatingCartButton.jsx": {"path":"C:\\Users\\CETECOM\\Desktop\\frontend_HH\\src\\components\\FloatingCartButton.jsx","all":false,"statementMap":{"0":{"start":{"line":1,"column":0},"end":{"line":1,"column":25}},"1":{"start":{"line":2,"column":0},"end":{"line":2,"column":48}},"2":{"start":{"line":3,"column":0},"end":{"line":3,"column":47}},"4":{"start":{"line":5,"column":0},"end":{"line":5,"column":46}},"5":{"start":{"line":6,"column":0},"end":{"line":6,"column":64}},"7":{"start":{"line":8,"column":0},"end":{"line":8,"column":10}},"8":{"start":{"line":9,"column":0},"end":{"line":9,"column":49}},"9":{"start":{"line":10,"column":0},"end":{"line":10,"column":144}},"10":{"start":{"line":11,"column":0},"end":{"line":11,"column":46}},"11":{"start":{"line":12,"column":0},"end":{"line":12,"column":54}},"12":{"start":{"line":13,"column":0},"end":{"line":13,"column":27}},"13":{"start":{"line":14,"column":0},"end":{"line":14,"column":158}},"15":{"start":{"line":16,"column":0},"end":{"line":16,"column":15}},"16":{"start":{"line":17,"column":0},"end":{"line":17,"column":10}},"18":{"start":{"line":19,"column":0},"end":{"line":19,"column":1}}},"s":{"0":1,"1":1,"2":1,"4":2,"5":2,"7":2,"8":2,"9":2,"10":2,"11":2,"12":2,"13":1,"15":2,"16":2,"18":2},"branchMap":{"0":{"type":"branch","line":5,"loc":{"start":{"line":5,"column":0},"end":{"line":19,"column":1}},"locations":[{"start":{"line":5,"column":0},"end":{"line":19,"column":1}}]},"1":{"type":"branch","line":13,"loc":{"start":{"line":13,"column":21},"end":{"line":14,"column":158}},"locations":[{"start":{"line":13,"column":21},"end":{"line":14,"column":158}}]},"2":{"type":"branch","line":10,"loc":{"start":{"line":10,"column":23},"end":{"line":10,"column":48}},"locations":[{"start":{"line":10,"column":23},"end":{"line":10,"column":48}}]}},"b":{"0":[2],"1":[1],"2":[1]},"fnMap":{"0":{"name":"FloatingCartButton","decl":{"start":{"line":5,"column":0},"end":{"line":19,"column":1}},"loc":{"start":{"line":5,"column":0},"end":{"line":19,"column":1}},"line":5},"1":{"name":"onClick","decl":{"start":{"line":10,"column":23},"end":{"line":10,"column":48}},"loc":{"start":{"line":10,"column":23},"end":{"line":10,"column":48}},"line":10}},"f":{"0":2,"1":1}}
,"C:\\Users\\CETECOM\\Desktop\\frontend_HH\\src\\components\\Footer.jsx": {"path":"C:\\Users\\CETECOM\\Desktop\\frontend_HH\\src\\components\\Footer.jsx","all":false,"statementMap":{"0":{"start":{"line":1,"column":0},"end":{"line":1,"column":26}},"1":{"start":{"line":2,"column":0},"end":{"line":2,"column":62}},"2":{"start":{"line":3,"column":0},"end":{"line":3,"column":66}},"3":{"start":{"line":4,"column":0},"end":{"line":4,"column":55}},"4":{"start":{"line":5,"column":0},"end":{"line":5,"column":51}},"5":{"start":{"line":6,"column":0},"end":{"line":6,"column":39}},"7":{"start":{"line":8,"column":0},"end":{"line":8,"column":22}},"8":{"start":{"line":9,"column":0},"end":{"line":9,"column":10}},"9":{"start":{"line":10,"column":0},"end":{"line":10,"column":52}},"10":{"start":{"line":11,"column":0},"end":{"line":11,"column":52}},"11":{"start":{"line":12,"column":0},"end":{"line":12,"column":63}},"12":{"start":{"line":13,"column":0},"end":{"line":13,"column":15}},"14":{"start":{"line":15,"column":0},"end":{"line":15,"column":92}},"15":{"start":{"line":16,"column":0},"end":{"line":16,"column":199}},"17":{"start":{"line":18,"column":0},"end":{"line":18,"column":62}},"18":{"start":{"line":19,"column":0},"end":{"line":19,"column":92}},"19":{"start":{"line":20,"column":0},"end":{"line":20,"column":77}},"20":{"start":{"line":21,"column":0},"end":{"line":21,"column":18}},"22":{"start":{"line":23,"column":0},"end":{"line":23,"column":93}},"23":{"start":{"line":24,"column":0},"end":{"line":24,"column":79}},"24":{"start":{"line":25,"column":0},"end":{"line":25,"column":18}},"26":{"start":{"line":27,"column":0},"end":{"line":27,"column":85}},"27":{"start":{"line":28,"column":0},"end":{"line":28,"column":63}},"28":{"start":{"line":29,"column":0},"end":{"line":29,"column":18}},"29":{"start":{"line":30,"column":0},"end":{"line":30,"column":18}},"30":{"start":{"line":31,"column":0},"end":{"line":31,"column":16}},"32":{"start":{"line":33,"column":0},"end":{"line":33,"column":15}},"33":{"start":{"line":34,"column":0},"end":{"line":34,"column":78}},"34":{"start":{"line":35,"column":0},"end":{"line":35,"column":61}},"35":{"start":{"line":36,"column":0},"end":{"line":36,"column":77}},"36":{"start":{"line":37,"column":0},"end":{"line":37,"column":88}},"37":{"start":{"line":38,"column":0},"end":{"line":38,"column":79}},"38":{"start":{"line":39,"column":0},"end":{"line":39,"column":94}},"39":{"start":{"line":40,"column":0},"end":{"line":40,"column":86}},"40":{"start":{"line":41,"column":0},"end":{"line":41,"column":17}},"41":{"start":{"line":42,"column":0},"end":{"line":42,"column":16}},"43":{"start":{"line":44,"column":0},"end":{"line":44,"column":15}},"44":{"start":{"line":45,"column":0},"end":{"line":45,"column":73}},"45":{"start":{"line":46,"column":0},"end":{"line":46,"column":61}},"46":{"start":{"line":47,"column":0},"end":{"line":47,"column":105}},"47":{"start":{"line":48,"column":0},"end":{"line":48,"column":101}},"48":{"start":{"line":49,"column":0},"end":{"line":49,"column":103}},"49":{"start":{"line":50,"column":0},"end":{"line":50,"column":103}},"50":{"start":{"line":51,"column":0},"end":{"line":51,"column":101}},"51":{"start":{"line":52,"column":0},"end":{"line":52,"column":17}},"52":{"start":{"line":53,"column":0},"end":{"line":53,"column":16}},"54":{"start":{"line":55,"column":0},"end":{"line":55,"column":15}},"55":{"start":{"line":56,"column":0},"end":{"line":56,"column":71}},"56":{"start":{"line":57,"column":0},"end":{"line":57,"column":61}},"57":{"start":{"line":58,"column":0},"end":{"line":58,"column":53}},"58":{"start":{"line":59,"column":0},"end":{"line":59,"column":263}},"59":{"start":{"line":60,"column":0},"end":{"line":60,"column":64}},"60":{"start":{"line":61,"column":0},"end":{"line":61,"column":19}},"61":{"start":{"line":62,"column":0},"end":{"line":62,"column":54}},"62":{"start":{"line":63,"column":0},"end":{"line":63,"column":366}},"63":{"start":{"line":64,"column":0},"end":{"line":64,"column":44}},"64":{"start":{"line":65,"column":0},"end":{"line":65,"column":19}},"65":{"start":{"line":66,"column":0},"end":{"line":66,"column":54}},"66":{"start":{"line":67,"column":0},"end":{"line":67,"column":241}},"67":{"start":{"line":68,"column":0},"end":{"line":68,"column":48}},"68":{"start":{"line":69,"column":0},"end":{"line":69,"column":19}},"69":{"start":{"line":70,"column":0},"end":{"line":70,"column":17}},"71":{"start":{"line":72,"column":0},"end":{"line":72,"column":34}},"72":{"start":{"line":73,"column":0},"end":{"line":73,"column":85}},"73":{"start":{"line":74,"column":0},"end":{"line":74,"column":36}},"74":{"start":{"line":75,"column":0},"end":{"line":75,"column":176}},"75":{"start":{"line":76,"column":0},"end":{"line":76,"column":98}},"76":{"start":{"line":77,"column":0},"end":{"line":77,"column":20}},"77":{"start":{"line":78,"column":0},"end":{"line":78,"column":18}},"78":{"start":{"line":79,"column":0},"end":{"line":79,"column":16}},"79":{"start":{"line":80,"column":0},"end":{"line":80,"column":14}},"81":{"start":{"line":82,"column":0},"end":{"line":82,"column":139}},"82":{"start":{"line":83,"column":0},"end":{"line":83,"column":89}},"83":{"start":{"line":84,"column":0},"end":{"line":84,"column":57}},"84":{"start":{"line":85,"column":0},"end":{"line":85,"column":89}},"85":{"start":{"line":86,"column":0},"end":{"line":86,"column":85}},"86":{"start":{"line":87,"column":0},"end":{"line":87,"column":86}},"87":{"start":{"line":88,"column":0},"end":{"line":88,"column":16}},"88":{"start":{"line":89,"column":0},"end":{"line":89,"column":14}},"89":{"start":{"line":90,"column":0},"end":{"line":90,"column":12}},"90":{"start":{"line":91,"column":0},"end":{"line":91,"column":13}},"92":{"start":{"line":93,"column":0},"end":{"line":93,"column":2}},"94":{"start":{"line":95,"column":0},"end":{"line":95,"column":22}}},"s":{"0":1,"1":1,"2":1,"3":1,"4":1,"5":1,"7":1,"8":3,"9":3,"10":3,"11":3,"12":3,"14":3,"15":3,"17":3,"18":3,"19":3,"20":3,"22":3,"23":3,"24":3,"26":3,"27":3,"28":3,"29":3,"30":3,"32":3,"33":3,"34":3,"35":3,"36":3,"37":3,"38":3,"39":3,"40":3,"41":3,"43":3,"44":3,"45":3,"46":3,"47":3,"48":3,"49":3,"50":3,"51":3,"52":3,"54":3,"55":3,"56":3,"57":3,"58":3,"59":3,"60":3,"61":3,"62":3,"63":3,"64":3,"65":3,"66":3,"67":3,"68":3,"69":3,"71":3,"72":3,"73":3,"74":3,"75":3,"76":3,"77":3,"78":3,"79":3,"81":3,"82":3,"83":3,"84":3,"85":3,"86":3,"87":3,"88":3,"89":3,"90":3,"92":3,"94":1},"branchMap":{"0":{"type":"branch","line":8,"loc":{"start":{"line":8,"column":15},"end":{"line":93,"column":2}},"locations":[{"start":{"line":8,"column":15},"end":{"line":93,"column":2}}]}},"b":{"0":[3]},"fnMap":{"0":{"name":"Footer","decl":{"start":{"line":8,"column":15},"end":{"line":93,"column":2}},"loc":{"start":{"line":8,"column":15},"end":{"line":93,"column":2}},"line":8}},"f":{"0":3}}
,"C:\\Users\\CETECOM\\Desktop\\frontend_HH\\src\\components\\FormLogin.jsx": {"path":"C:\\Users\\CETECOM\\Desktop\\frontend_HH\\src\\components\\FormLogin.jsx","all":false,"statementMap":{"0":{"start":{"line":1,"column":0},"end":{"line":1,"column":40}},"1":{"start":{"line":2,"column":0},"end":{"line":2,"column":46}},"2":{"start":{"line":3,"column":0},"end":{"line":3,"column":48}},"3":{"start":{"line":4,"column":0},"end":{"line":4,"column":62}},"4":{"start":{"line":5,"column":0},"end":{"line":5,"column":64}},"5":{"start":{"line":6,"column":0},"end":{"line":6,"column":54}},"6":{"start":{"line":7,"column":0},"end":{"line":7,"column":62}},"7":{"start":{"line":8,"column":0},"end":{"line":8,"column":85}},"8":{"start":{"line":9,"column":0},"end":{"line":9,"column":71}},"11":{"start":{"line":12,"column":0},"end":{"line":12,"column":37}},"12":{"start":{"line":13,"column":0},"end":{"line":13,"column":41}},"13":{"start":{"line":14,"column":0},"end":{"line":14,"column":47}},"14":{"start":{"line":15,"column":0},"end":{"line":15,"column":41}},"15":{"start":{"line":16,"column":0},"end":{"line":16,"column":58}},"17":{"start":{"line":18,"column":0},"end":{"line":18,"column":31}},"18":{"start":{"line":19,"column":0},"end":{"line":19,"column":23}},"19":{"start":{"line":20,"column":0},"end":{"line":20,"column":30}},"20":{"start":{"line":21,"column":0},"end":{"line":21,"column":54}},"21":{"start":{"line":22,"column":0},"end":{"line":22,"column":13}},"22":{"start":{"line":23,"column":0},"end":{"line":23,"column":5}},"23":{"start":{"line":24,"column":0},"end":{"line":24,"column":17}},"25":{"start":{"line":26,"column":0},"end":{"line":26,"column":26}},"26":{"start":{"line":27,"column":0},"end":{"line":27,"column":19}},"27":{"start":{"line":28,"column":0},"end":{"line":28,"column":21}},"28":{"start":{"line":29,"column":0},"end":{"line":29,"column":8}},"29":{"start":{"line":30,"column":0},"end":{"line":30,"column":23}},"30":{"start":{"line":31,"column":0},"end":{"line":31,"column":58}},"31":{"start":{"line":32,"column":0},"end":{"line":32,"column":8}},"32":{"start":{"line":33,"column":0},"end":{"line":33,"column":4}},"34":{"start":{"line":35,"column":0},"end":{"line":35,"column":32}},"35":{"start":{"line":36,"column":0},"end":{"line":36,"column":29}},"37":{"start":{"line":38,"column":0},"end":{"line":38,"column":10}},"38":{"start":{"line":39,"column":0},"end":{"line":39,"column":84}},"39":{"start":{"line":40,"column":0},"end":{"line":40,"column":74}},"40":{"start":{"line":41,"column":0},"end":{"line":41,"column":78}},"42":{"start":{"line":43,"column":0},"end":{"line":43,"column":13}},"44":{"start":{"line":45,"column":0},"end":{"line":45,"column":60}},"46":{"start":{"line":47,"column":0},"end":{"line":47,"column":15}},"47":{"start":{"line":48,"column":0},"end":{"line":48,"column":87}},"49":{"start":{"line":50,"column":0},"end":{"line":50,"column":20}},"50":{"start":{"line":51,"column":0},"end":{"line":51,"column":43}},"51":{"start":{"line":52,"column":0},"end":{"line":52,"column":95}},"53":{"start":{"line":54,"column":0},"end":{"line":54,"column":75}},"54":{"start":{"line":55,"column":0},"end":{"line":55,"column":21}},"55":{"start":{"line":56,"column":0},"end":{"line":56,"column":20}},"56":{"start":{"line":57,"column":0},"end":{"line":57,"column":26}},"57":{"start":{"line":58,"column":0},"end":{"line":58,"column":28}},"58":{"start":{"line":59,"column":0},"end":{"line":59,"column":162}},"59":{"start":{"line":60,"column":0},"end":{"line":60,"column":40}},"60":{"start":{"line":61,"column":0},"end":{"line":61,"column":29}},"61":{"start":{"line":62,"column":0},"end":{"line":62,"column":58}},"62":{"start":{"line":63,"column":0},"end":{"line":63,"column":16}},"63":{"start":{"line":64,"column":0},"end":{"line":64,"column":18}},"64":{"start":{"line":65,"column":0},"end":{"line":65,"column":16}},"67":{"start":{"line":68,"column":0},"end":{"line":68,"column":15}},"68":{"start":{"line":69,"column":0},"end":{"line":69,"column":90}},"70":{"start":{"line":71,"column":0},"end":{"line":71,"column":20}},"71":{"start":{"line":72,"column":0},"end":{"line":72,"column":43}},"72":{"start":{"line":73,"column":0},"end":{"line":73,"column":95}},"74":{"start":{"line":75,"column":0},"end":{"line":75,"column":79}},"75":{"start":{"line":76,"column":0},"end":{"line":76,"column":21}},"77":{"start":{"line":78,"column":0},"end":{"line":78,"column":20}},"78":{"start":{"line":79,"column":0},"end":{"line":79,"column":29}},"79":{"start":{"line":80,"column":0},"end":{"line":80,"column":57}},"80":{"start":{"line":81,"column":0},"end":{"line":81,"column":163}},"81":{"start":{"line":82,"column":0},"end":{"line":82,"column":40}},"82":{"start":{"line":83,"column":0},"end":{"line":83,"column":32}},"83":{"start":{"line":84,"column":0},"end":{"line":84,"column":61}},"84":{"start":{"line":85,"column":0},"end":{"line":85,"column":16}},"86":{"start":{"line":87,"column":0},"end":{"line":87,"column":21}},"87":{"start":{"line":88,"column":0},"end":{"line":88,"column":29}},"88":{"start":{"line":89,"column":0},"end":{"line":89,"column":58}},"89":{"start":{"line":90,"column":0},"end":{"line":90,"column":91}},"90":{"start":{"line":91,"column":0},"end":{"line":91,"column":87}},"93":{"start":{"line":94,"column":0},"end":{"line":94,"column":33}},"94":{"start":{"line":95,"column":0},"end":{"line":95,"column":79}},"96":{"start":{"line":97,"column":0},"end":{"line":97,"column":77}},"98":{"start":{"line":99,"column":0},"end":{"line":99,"column":23}},"99":{"start":{"line":100,"column":0},"end":{"line":100,"column":18}},"100":{"start":{"line":101,"column":0},"end":{"line":101,"column":16}},"103":{"start":{"line":104,"column":0},"end":{"line":104,"column":80}},"106":{"start":{"line":107,"column":0},"end":{"line":107,"column":69}},"107":{"start":{"line":108,"column":0},"end":{"line":108,"column":66}},"108":{"start":{"line":109,"column":0},"end":{"line":109,"column":119}},"109":{"start":{"line":110,"column":0},"end":{"line":110,"column":37}},"110":{"start":{"line":111,"column":0},"end":{"line":111,"column":20}},"111":{"start":{"line":112,"column":0},"end":{"line":112,"column":103}},"112":{"start":{"line":113,"column":0},"end":{"line":113,"column":16}},"114":{"start":{"line":115,"column":0},"end":{"line":115,"column":17}},"115":{"start":{"line":116,"column":0},"end":{"line":116,"column":25}},"116":{"start":{"line":117,"column":0},"end":{"line":117,"column":114}},"117":{"start":{"line":118,"column":0},"end":{"line":118,"column":11}},"119":{"start":{"line":120,"column":0},"end":{"line":120,"column":19}},"122":{"start":{"line":123,"column":0},"end":{"line":123,"column":51}},"123":{"start":{"line":124,"column":0},"end":{"line":124,"column":53}},"124":{"start":{"line":125,"column":0},"end":{"line":125,"column":73}},"125":{"start":{"line":126,"column":0},"end":{"line":126,"column":53}},"126":{"start":{"line":127,"column":0},"end":{"line":127,"column":16}},"129":{"start":{"line":130,"column":0},"end":{"line":130,"column":50}},"130":{"start":{"line":131,"column":0},"end":{"line":131,"column":158}},"132":{"start":{"line":133,"column":0},"end":{"line":133,"column":71}},"134":{"start":{"line":135,"column":0},"end":{"line":135,"column":21}},"136":{"start":{"line":137,"column":0},"end":{"line":137,"column":158}},"138":{"start":{"line":139,"column":0},"end":{"line":139,"column":75}},"140":{"start":{"line":141,"column":0},"end":{"line":141,"column":21}},"141":{"start":{"line":142,"column":0},"end":{"line":142,"column":16}},"142":{"start":{"line":143,"column":0},"end":{"line":143,"column":15}},"144":{"start":{"line":145,"column":0},"end":{"line":145,"column":62}},"145":{"start":{"line":146,"column":0},"end":{"line":146,"column":33}},"146":{"start":{"line":147,"column":0},"end":{"line":147,"column":91}},"147":{"start":{"line":148,"column":0},"end":{"line":148,"column":12}},"148":{"start":{"line":149,"column":0},"end":{"line":149,"column":12}},"149":{"start":{"line":150,"column":0},"end":{"line":150,"column":10}},"151":{"start":{"line":152,"column":0},"end":{"line":152,"column":1}}},"s":{"0":1,"1":1,"2":1,"3":1,"4":1,"5":1,"6":1,"7":1,"8":1,"11":19,"12":19,"13":19,"14":19,"15":19,"17":19,"18":4,"19":4,"20":1,"21":1,"22":1,"23":3,"25":3,"26":3,"27":2,"28":3,"29":3,"30":1,"31":3,"32":4,"34":19,"35":19,"37":19,"38":19,"39":19,"40":19,"42":19,"44":19,"46":19,"47":19,"49":19,"50":19,"51":19,"53":19,"54":19,"55":19,"56":19,"57":19,"58":19,"59":19,"60":19,"61":19,"62":19,"63":19,"64":19,"67":19,"68":19,"70":19,"71":19,"72":19,"74":19,"75":19,"77":19,"78":19,"79":19,"80":19,"81":19,"82":19,"83":19,"84":19,"86":19,"87":19,"88":19,"89":19,"90":19,"93":19,"94":1,"96":18,"98":19,"99":19,"100":19,"103":19,"106":19,"107":19,"108":19,"109":19,"110":19,"111":19,"112":19,"114":19,"115":19,"116":19,"117":19,"119":19,"122":19,"123":19,"124":19,"125":19,"126":19,"129":19,"130":19,"132":19,"134":19,"136":19,"138":19,"140":19,"141":19,"142":19,"144":19,"145":19,"146":19,"147":19,"148":19,"149":19,"151":19},"branchMap":{"0":{"type":"branch","line":12,"loc":{"start":{"line":12,"column":0},"end":{"line":152,"column":1}},"locations":[{"start":{"line":12,"column":0},"end":{"line":152,"column":1}}]},"1":{"type":"branch","line":80,"loc":{"start":{"line":80,"column":22},"end":{"line":80,"column":46}},"locations":[{"start":{"line":80,"column":22},"end":{"line":80,"column":46}}]},"2":{"type":"branch","line":80,"loc":{"start":{"line":80,"column":37},"end":{"line":80,"column":57}},"locations":[{"start":{"line":80,"column":37},"end":{"line":80,"column":57}}]},"3":{"type":"branch","line":91,"loc":{"start":{"line":91,"column":28},"end":{"line":91,"column":66}},"locations":[{"start":{"line":91,"column":28},"end":{"line":91,"column":66}}]},"4":{"type":"branch","line":91,"loc":{"start":{"line":91,"column":43},"end":{"line":91,"column":87}},"locations":[{"start":{"line":91,"column":43},"end":{"line":91,"column":87}}]},"5":{"type":"branch","line":94,"loc":{"start":{"line":94,"column":17},"end":{"line":95,"column":79}},"locations":[{"start":{"line":94,"column":17},"end":{"line":95,"column":79}}]},"6":{"type":"branch","line":95,"loc":{"start":{"line":95,"column":77},"end":{"line":97,"column":77}},"locations":[{"start":{"line":95,"column":77},"end":{"line":97,"column":77}}]},"7":{"type":"branch","line":104,"loc":{"start":{"line":104,"column":11},"end":{"line":104,"column":80}},"locations":[{"start":{"line":104,"column":11},"end":{"line":104,"column":80}}]},"8":{"type":"branch","line":18,"loc":{"start":{"line":18,"column":23},"end":{"line":33,"column":4}},"locations":[{"start":{"line":18,"column":23},"end":{"line":33,"column":4}}]},"9":{"type":"branch","line":20,"loc":{"start":{"line":20,"column":9},"end":{"line":20,"column":29}},"locations":[{"start":{"line":20,"column":9},"end":{"line":20,"column":29}}]},"10":{"type":"branch","line":20,"loc":{"start":{"line":20,"column":29},"end":{"line":23,"column":5}},"locations":[{"start":{"line":20,"column":29},"end":{"line":23,"column":5}}]},"11":{"type":"branch","line":23,"loc":{"start":{"line":23,"column":4},"end":{"line":32,"column":8}},"locations":[{"start":{"line":23,"column":4},"end":{"line":32,"column":8}}]},"12":{"type":"branch","line":27,"loc":{"start":{"line":27,"column":12},"end":{"line":29,"column":7}},"locations":[{"start":{"line":27,"column":12},"end":{"line":29,"column":7}}]},"13":{"type":"branch","line":30,"loc":{"start":{"line":30,"column":13},"end":{"line":32,"column":7}},"locations":[{"start":{"line":30,"column":13},"end":{"line":32,"column":7}}]},"14":{"type":"branch","line":31,"loc":{"start":{"line":31,"column":22},"end":{"line":31,"column":57}},"locations":[{"start":{"line":31,"column":22},"end":{"line":31,"column":57}}]},"15":{"type":"branch","line":62,"loc":{"start":{"line":62,"column":26},"end":{"line":62,"column":58}},"locations":[{"start":{"line":62,"column":26},"end":{"line":62,"column":58}}]},"16":{"type":"branch","line":84,"loc":{"start":{"line":84,"column":26},"end":{"line":84,"column":61}},"locations":[{"start":{"line":84,"column":26},"end":{"line":84,"column":61}}]},"17":{"type":"branch","line":89,"loc":{"start":{"line":89,"column":25},"end":{"line":89,"column":58}},"locations":[{"start":{"line":89,"column":25},"end":{"line":89,"column":58}}]},"18":{"type":"branch","line":89,"loc":{"start":{"line":89,"column":47},"end":{"line":89,"column":56}},"locations":[{"start":{"line":89,"column":47},"end":{"line":89,"column":56}}]}},"b":{"0":[19],"1":[1],"2":[18],"3":[1],"4":[18],"5":[1],"6":[18],"7":[2],"8":[4],"9":[3],"10":[1],"11":[3],"12":[2],"13":[1],"14":[0],"15":[3],"16":[3],"17":[2],"18":[2]},"fnMap":{"0":{"name":"LoginForm","decl":{"start":{"line":12,"column":0},"end":{"line":152,"column":1}},"loc":{"start":{"line":12,"column":0},"end":{"line":152,"column":1}},"line":12},"1":{"name":"handleSubmit","decl":{"start":{"line":18,"column":23},"end":{"line":33,"column":4}},"loc":{"start":{"line":18,"column":23},"end":{"line":33,"column":4}},"line":18},"2":{"name":"onChange","decl":{"start":{"line":62,"column":26},"end":{"line":62,"column":58}},"loc":{"start":{"line":62,"column":26},"end":{"line":62,"column":58}},"line":62},"3":{"name":"onChange","decl":{"start":{"line":84,"column":26},"end":{"line":84,"column":61}},"loc":{"start":{"line":84,"column":26},"end":{"line":84,"column":61}},"line":84},"4":{"name":"onClick","decl":{"start":{"line":89,"column":25},"end":{"line":89,"column":58}},"loc":{"start":{"line":89,"column":25},"end":{"line":89,"column":58}},"line":89}},"f":{"0":19,"1":4,"2":3,"3":3,"4":2}}
,"C:\\Users\\CETECOM\\Desktop\\frontend_HH\\src\\components\\Navbar.jsx": {"path":"C:\\Users\\CETECOM\\Desktop\\frontend_HH\\src\\components\\Navbar.jsx","all":false,"statementMap":{"0":{"start":{"line":1,"column":0},"end":{"line":1,"column":25}},"1":{"start":{"line":2,"column":0},"end":{"line":2,"column":51}},"2":{"start":{"line":3,"column":0},"end":{"line":3,"column":48}},"3":{"start":{"line":4,"column":0},"end":{"line":4,"column":48}},"4":{"start":{"line":5,"column":0},"end":{"line":5,"column":43}},"5":{"start":{"line":6,"column":0},"end":{"line":6,"column":82}},"8":{"start":{"line":9,"column":0},"end":{"line":9,"column":22}},"9":{"start":{"line":10,"column":0},"end":{"line":10,"column":64}},"10":{"start":{"line":11,"column":0},"end":{"line":11,"column":53}},"11":{"start":{"line":12,"column":0},"end":{"line":12,"column":40}},"12":{"start":{"line":13,"column":0},"end":{"line":13,"column":32}},"13":{"start":{"line":14,"column":0},"end":{"line":14,"column":32}},"14":{"start":{"line":15,"column":0},"end":{"line":15,"column":42}},"15":{"start":{"line":16,"column":0},"end":{"line":16,"column":53}},"16":{"start":{"line":17,"column":0},"end":{"line":17,"column":26}},"17":{"start":{"line":18,"column":0},"end":{"line":18,"column":27}},"18":{"start":{"line":19,"column":0},"end":{"line":19,"column":65}},"19":{"start":{"line":20,"column":0},"end":{"line":20,"column":92}},"20":{"start":{"line":21,"column":0},"end":{"line":21,"column":6}},"23":{"start":{"line":24,"column":0},"end":{"line":24,"column":19}},"24":{"start":{"line":25,"column":0},"end":{"line":25,"column":44}},"25":{"start":{"line":26,"column":0},"end":{"line":26,"column":43}},"26":{"start":{"line":27,"column":0},"end":{"line":27,"column":17}},"27":{"start":{"line":28,"column":0},"end":{"line":28,"column":5}},"29":{"start":{"line":30,"column":0},"end":{"line":30,"column":39}},"32":{"start":{"line":33,"column":0},"end":{"line":33,"column":19}},"33":{"start":{"line":34,"column":0},"end":{"line":34,"column":38}},"34":{"start":{"line":35,"column":0},"end":{"line":35,"column":40}},"35":{"start":{"line":36,"column":0},"end":{"line":36,"column":74}},"36":{"start":{"line":37,"column":0},"end":{"line":37,"column":36}},"37":{"start":{"line":38,"column":0},"end":{"line":38,"column":39}},"38":{"start":{"line":39,"column":0},"end":{"line":39,"column":63}},"39":{"start":{"line":40,"column":0},"end":{"line":40,"column":11}},"40":{"start":{"line":41,"column":0},"end":{"line":41,"column":38}},"42":{"start":{"line":43,"column":0},"end":{"line":43,"column":40}},"44":{"start":{"line":45,"column":0},"end":{"line":45,"column":33}},"45":{"start":{"line":46,"column":0},"end":{"line":46,"column":22}},"46":{"start":{"line":47,"column":0},"end":{"line":47,"column":34}},"47":{"start":{"line":48,"column":0},"end":{"line":48,"column":13}},"48":{"start":{"line":49,"column":0},"end":{"line":49,"column":27}},"49":{"start":{"line":50,"column":0},"end":{"line":50,"column":12}},"50":{"start":{"line":51,"column":0},"end":{"line":51,"column":5}},"51":{"start":{"line":52,"column":0},"end":{"line":52,"column":52}},"52":{"start":{"line":53,"column":0},"end":{"line":53,"column":3}},"54":{"start":{"line":55,"column":0},"end":{"line":55,"column":10}},"55":{"start":{"line":56,"column":0},"end":{"line":56,"column":43}},"56":{"start":{"line":57,"column":0},"end":{"line":57,"column":62}},"57":{"start":{"line":58,"column":0},"end":{"line":58,"column":64}},"58":{"start":{"line":59,"column":0},"end":{"line":59,"column":64}},"59":{"start":{"line":60,"column":0},"end":{"line":60,"column":65}},"60":{"start":{"line":61,"column":0},"end":{"line":61,"column":16}},"62":{"start":{"line":63,"column":0},"end":{"line":63,"column":45}},"64":{"start":{"line":65,"column":0},"end":{"line":65,"column":85}},"65":{"start":{"line":66,"column":0},"end":{"line":66,"column":176}},"66":{"start":{"line":67,"column":0},"end":{"line":67,"column":187}},"67":{"start":{"line":68,"column":0},"end":{"line":68,"column":178}},"68":{"start":{"line":69,"column":0},"end":{"line":69,"column":185}},"69":{"start":{"line":70,"column":0},"end":{"line":70,"column":187}},"70":{"start":{"line":71,"column":0},"end":{"line":71,"column":184}},"72":{"start":{"line":73,"column":0},"end":{"line":73,"column":113}},"73":{"start":{"line":74,"column":0},"end":{"line":74,"column":18}},"76":{"start":{"line":77,"column":0},"end":{"line":77,"column":77}},"77":{"start":{"line":78,"column":0},"end":{"line":78,"column":20}},"78":{"start":{"line":79,"column":0},"end":{"line":79,"column":29}},"79":{"start":{"line":80,"column":0},"end":{"line":80,"column":58}},"80":{"start":{"line":81,"column":0},"end":{"line":81,"column":45}},"81":{"start":{"line":82,"column":0},"end":{"line":82,"column":92}},"82":{"start":{"line":83,"column":0},"end":{"line":83,"column":16}},"83":{"start":{"line":84,"column":0},"end":{"line":84,"column":19}},"85":{"start":{"line":86,"column":0},"end":{"line":86,"column":58}},"86":{"start":{"line":87,"column":0},"end":{"line":87,"column":84}},"87":{"start":{"line":88,"column":0},"end":{"line":88,"column":56}},"88":{"start":{"line":89,"column":0},"end":{"line":89,"column":204}},"89":{"start":{"line":90,"column":0},"end":{"line":90,"column":67}},"90":{"start":{"line":91,"column":0},"end":{"line":91,"column":39}},"91":{"start":{"line":92,"column":0},"end":{"line":92,"column":206}},"93":{"start":{"line":94,"column":0},"end":{"line":94,"column":27}},"94":{"start":{"line":95,"column":0},"end":{"line":95,"column":22}},"96":{"start":{"line":97,"column":0},"end":{"line":97,"column":36}},"97":{"start":{"line":98,"column":0},"end":{"line":98,"column":20}},"98":{"start":{"line":99,"column":0},"end":{"line":99,"column":65}},"99":{"start":{"line":100,"column":0},"end":{"line":100,"column":151}},"100":{"start":{"line":101,"column":0},"end":{"line":101,"column":26}},"101":{"start":{"line":102,"column":0},"end":{"line":102,"column":60}},"102":{"start":{"line":103,"column":0},"end":{"line":103,"column":164}},"103":{"start":{"line":104,"column":0},"end":{"line":104,"column":26}},"104":{"start":{"line":105,"column":0},"end":{"line":105,"column":21}},"106":{"start":{"line":107,"column":0},"end":{"line":107,"column":20}},"107":{"start":{"line":108,"column":0},"end":{"line":108,"column":65}},"108":{"start":{"line":109,"column":0},"end":{"line":109,"column":122}},"109":{"start":{"line":110,"column":0},"end":{"line":110,"column":26}},"110":{"start":{"line":111,"column":0},"end":{"line":111,"column":60}},"111":{"start":{"line":112,"column":0},"end":{"line":112,"column":108}},"112":{"start":{"line":113,"column":0},"end":{"line":113,"column":76}},"113":{"start":{"line":114,"column":0},"end":{"line":114,"column":26}},"114":{"start":{"line":115,"column":0},"end":{"line":115,"column":26}},"115":{"start":{"line":116,"column":0},"end":{"line":116,"column":21}},"117":{"start":{"line":118,"column":0},"end":{"line":118,"column":20}},"120":{"start":{"line":121,"column":0},"end":{"line":121,"column":146}},"121":{"start":{"line":122,"column":0},"end":{"line":122,"column":273}},"122":{"start":{"line":123,"column":0},"end":{"line":123,"column":23}},"123":{"start":{"line":124,"column":0},"end":{"line":124,"column":18}},"124":{"start":{"line":125,"column":0},"end":{"line":125,"column":16}},"125":{"start":{"line":126,"column":0},"end":{"line":126,"column":14}},"128":{"start":{"line":129,"column":0},"end":{"line":129,"column":81}},"129":{"start":{"line":130,"column":0},"end":{"line":130,"column":39}},"130":{"start":{"line":131,"column":0},"end":{"line":131,"column":188}},"131":{"start":{"line":132,"column":0},"end":{"line":132,"column":199}},"132":{"start":{"line":133,"column":0},"end":{"line":133,"column":190}},"133":{"start":{"line":134,"column":0},"end":{"line":134,"column":197}},"134":{"start":{"line":135,"column":0},"end":{"line":135,"column":196}},"135":{"start":{"line":136,"column":0},"end":{"line":136,"column":25}},"136":{"start":{"line":137,"column":0},"end":{"line":137,"column":135}},"139":{"start":{"line":140,"column":0},"end":{"line":140,"column":66}},"140":{"start":{"line":141,"column":0},"end":{"line":141,"column":170}},"141":{"start":{"line":142,"column":0},"end":{"line":142,"column":19}},"143":{"start":{"line":144,"column":0},"end":{"line":144,"column":44}},"144":{"start":{"line":145,"column":0},"end":{"line":145,"column":210}},"145":{"start":{"line":146,"column":0},"end":{"line":146,"column":34}},"146":{"start":{"line":147,"column":0},"end":{"line":147,"column":18}},"147":{"start":{"line":148,"column":0},"end":{"line":148,"column":101}},"148":{"start":{"line":149,"column":0},"end":{"line":149,"column":175}},"149":{"start":{"line":150,"column":0},"end":{"line":150,"column":19}},"151":{"start":{"line":152,"column":0},"end":{"line":152,"column":45}},"152":{"start":{"line":153,"column":0},"end":{"line":153,"column":93}},"153":{"start":{"line":154,"column":0},"end":{"line":154,"column":125}},"154":{"start":{"line":155,"column":0},"end":{"line":155,"column":22}},"156":{"start":{"line":157,"column":0},"end":{"line":157,"column":18}},"157":{"start":{"line":158,"column":0},"end":{"line":158,"column":16}},"158":{"start":{"line":159,"column":0},"end":{"line":159,"column":14}},"159":{"start":{"line":160,"column":0},"end":{"line":160,"column":12}},"160":{"start":{"line":161,"column":0},"end":{"line":161,"column":13}},"162":{"start":{"line":163,"column":0},"end":{"line":163,"column":1}},"164":{"start":{"line":165,"column":0},"end":{"line":165,"column":21}}},"s":{"0":1,"1":1,"2":1,"3":1,"4":1,"5":1,"8":1,"9":10,"10":10,"11":10,"12":10,"13":10,"14":10,"15":10,"16":10,"17":10,"18":8,"19":10,"20":10,"23":10,"24":10,"25":0,"26":0,"27":0,"29":10,"32":10,"33":8,"34":0,"35":0,"36":0,"37":0,"38":0,"39":8,"40":8,"42":10,"44":10,"45":2,"46":2,"47":2,"48":1,"49":1,"50":1,"51":1,"52":2,"54":10,"55":10,"56":10,"57":10,"58":10,"59":10,"60":10,"62":10,"64":10,"65":10,"66":10,"67":10,"68":10,"69":10,"70":10,"72":10,"73":10,"76":10,"77":10,"78":10,"79":10,"80":10,"81":10,"82":10,"83":10,"85":10,"86":10,"87":10,"88":10,"89":10,"90":10,"91":8,"93":10,"94":10,"96":10,"97":3,"98":3,"99":3,"100":3,"101":3,"102":3,"103":3,"104":3,"106":7,"107":7,"108":7,"109":7,"110":7,"111":7,"112":7,"113":7,"114":7,"115":7,"117":10,"120":10,"121":10,"122":10,"123":10,"124":10,"125":10,"128":10,"129":10,"130":10,"131":10,"132":10,"133":10,"134":10,"135":10,"136":3,"139":10,"140":10,"141":10,"143":10,"144":10,"145":10,"146":3,"147":3,"148":3,"149":3,"151":7,"152":7,"153":7,"154":7,"156":10,"157":10,"158":10,"159":10,"160":10,"162":10,"164":1},"branchMap":{"0":{"type":"branch","line":9,"loc":{"start":{"line":9,"column":15},"end":{"line":163,"column":1}},"locations":[{"start":{"line":9,"column":15},"end":{"line":163,"column":1}}]},"1":{"type":"branch","line":73,"loc":{"start":{"line":73,"column":15},"end":{"line":73,"column":113}},"locations":[{"start":{"line":73,"column":15},"end":{"line":73,"column":113}}]},"2":{"type":"branch","line":91,"loc":{"start":{"line":91,"column":33},"end":{"line":92,"column":206}},"locations":[{"start":{"line":91,"column":33},"end":{"line":92,"column":206}}]},"3":{"type":"branch","line":97,"loc":{"start":{"line":97,"column":17},"end":{"line":105,"column":21}},"locations":[{"start":{"line":97,"column":17},"end":{"line":105,"column":21}}]},"4":{"type":"branch","line":100,"loc":{"start":{"line":100,"column":104},"end":{"line":100,"column":135}},"locations":[{"start":{"line":100,"column":104},"end":{"line":100,"column":135}}]},"5":{"type":"branch","line":100,"loc":{"start":{"line":100,"column":127},"end":{"line":100,"column":147}},"locations":[{"start":{"line":100,"column":127},"end":{"line":100,"column":147}}]},"6":{"type":"branch","line":105,"loc":{"start":{"line":105,"column":18},"end":{"line":116,"column":21}},"locations":[{"start":{"line":105,"column":18},"end":{"line":116,"column":21}}]},"7":{"type":"branch","line":122,"loc":{"start":{"line":122,"column":200},"end":{"line":122,"column":238}},"locations":[{"start":{"line":122,"column":200},"end":{"line":122,"column":238}}]},"8":{"type":"branch","line":122,"loc":{"start":{"line":122,"column":213},"end":{"line":122,"column":265}},"locations":[{"start":{"line":122,"column":213},"end":{"line":122,"column":265}}]},"9":{"type":"branch","line":129,"loc":{"start":{"line":129,"column":31},"end":{"line":129,"column":54}},"locations":[{"start":{"line":129,"column":31},"end":{"line":129,"column":54}}]},"10":{"type":"branch","line":129,"loc":{"start":{"line":129,"column":44},"end":{"line":129,"column":62}},"locations":[{"start":{"line":129,"column":44},"end":{"line":129,"column":62}}]},"11":{"type":"branch","line":136,"loc":{"start":{"line":136,"column":13},"end":{"line":137,"column":135}},"locations":[{"start":{"line":136,"column":13},"end":{"line":137,"column":135}}]},"12":{"type":"branch","line":145,"loc":{"start":{"line":145,"column":168},"end":{"line":145,"column":198}},"locations":[{"start":{"line":145,"column":168},"end":{"line":145,"column":198}}]},"13":{"type":"branch","line":145,"loc":{"start":{"line":145,"column":192},"end":{"line":145,"column":201}},"locations":[{"start":{"line":145,"column":192},"end":{"line":145,"column":201}}]},"14":{"type":"branch","line":146,"loc":{"start":{"line":146,"column":15},"end":{"line":150,"column":19}},"locations":[{"start":{"line":146,"column":15},"end":{"line":150,"column":19}}]},"15":{"type":"branch","line":150,"loc":{"start":{"line":150,"column":16},"end":{"line":155,"column":22}},"locations":[{"start":{"line":150,"column":16},"end":{"line":155,"column":22}}]},"16":{"type":"branch","line":17,"loc":{"start":{"line":17,"column":19},"end":{"line":21,"column":5}},"locations":[{"start":{"line":17,"column":19},"end":{"line":21,"column":5}}]},"17":{"type":"branch","line":18,"loc":{"start":{"line":18,"column":15},"end":{"line":18,"column":27}},"locations":[{"start":{"line":18,"column":15},"end":{"line":18,"column":27}}]},"18":{"type":"branch","line":18,"loc":{"start":{"line":18,"column":22},"end":{"line":20,"column":47}},"locations":[{"start":{"line":18,"column":22},"end":{"line":20,"column":47}}]},"19":{"type":"branch","line":18,"loc":{"start":{"line":18,"column":22},"end":{"line":19,"column":47}},"locations":[{"start":{"line":18,"column":22},"end":{"line":19,"column":47}}]},"20":{"type":"branch","line":19,"loc":{"start":{"line":19,"column":40},"end":{"line":19,"column":65}},"locations":[{"start":{"line":19,"column":40},"end":{"line":19,"column":65}}]},"21":{"type":"branch","line":19,"loc":{"start":{"line":19,"column":61},"end":{"line":20,"column":30}},"locations":[{"start":{"line":19,"column":61},"end":{"line":20,"column":30}}]},"22":{"type":"branch","line":20,"loc":{"start":{"line":20,"column":19},"end":{"line":20,"column":47}},"locations":[{"start":{"line":20,"column":19},"end":{"line":20,"column":47}}]},"23":{"type":"branch","line":20,"loc":{"start":{"line":20,"column":35},"end":{"line":20,"column":70}},"locations":[{"start":{"line":20,"column":35},"end":{"line":20,"column":70}}]},"24":{"type":"branch","line":20,"loc":{"start":{"line":20,"column":62},"end":{"line":20,"column":92}},"locations":[{"start":{"line":20,"column":62},"end":{"line":20,"column":92}}]},"25":{"type":"branch","line":24,"loc":{"start":{"line":24,"column":12},"end":{"line":30,"column":5}},"locations":[{"start":{"line":24,"column":12},"end":{"line":30,"column":5}}]},"26":{"type":"branch","line":25,"loc":{"start":{"line":25,"column":43},"end":{"line":28,"column":5}},"locations":[{"start":{"line":25,"column":43},"end":{"line":28,"column":5}}]},"27":{"type":"branch","line":33,"loc":{"start":{"line":33,"column":12},"end":{"line":43,"column":5}},"locations":[{"start":{"line":33,"column":12},"end":{"line":43,"column":5}}]},"28":{"type":"branch","line":41,"loc":{"start":{"line":41,"column":11},"end":{"line":41,"column":38}},"locations":[{"start":{"line":41,"column":11},"end":{"line":41,"column":38}}]},"29":{"type":"branch","line":45,"loc":{"start":{"line":45,"column":25},"end":{"line":53,"column":3}},"locations":[{"start":{"line":45,"column":25},"end":{"line":53,"column":3}}]},"30":{"type":"branch","line":47,"loc":{"start":{"line":47,"column":15},"end":{"line":47,"column":28}},"locations":[{"start":{"line":47,"column":15},"end":{"line":47,"column":28}}]},"31":{"type":"branch","line":48,"loc":{"start":{"line":48,"column":12},"end":{"line":52,"column":52}},"locations":[{"start":{"line":48,"column":12},"end":{"line":52,"column":52}}]},"32":{"type":"branch","line":80,"loc":{"start":{"line":80,"column":26},"end":{"line":80,"column":58}},"locations":[{"start":{"line":80,"column":26},"end":{"line":80,"column":58}}]},"33":{"type":"branch","line":121,"loc":{"start":{"line":121,"column":31},"end":{"line":121,"column":65}},"locations":[{"start":{"line":121,"column":31},"end":{"line":121,"column":65}}]}},"b":{"0":[10],"1":[3],"2":[8],"3":[3],"4":[2],"5":[2],"6":[7],"7":[1],"8":[9],"9":[1],"10":[9],"11":[3],"12":[8],"13":[2],"14":[3],"15":[7],"16":[10],"17":[7],"18":[8],"19":[3],"20":[1],"21":[2],"22":[1],"23":[1],"24":[1],"25":[10],"26":[0],"27":[8],"28":[8],"29":[2],"30":[1],"31":[1],"32":[1],"33":[1]},"fnMap":{"0":{"name":"Navbar","decl":{"start":{"line":9,"column":15},"end":{"line":163,"column":1}},"loc":{"start":{"line":9,"column":15},"end":{"line":163,"column":1}},"line":9},"1":{"name":"onSearchSubmit","decl":{"start":{"line":45,"column":25},"end":{"line":53,"column":3}},"loc":{"start":{"line":45,"column":25},"end":{"line":53,"column":3}},"line":45},"2":{"name":"onChange","decl":{"start":{"line":80,"column":26},"end":{"line":80,"column":58}},"loc":{"start":{"line":80,"column":26},"end":{"line":80,"column":58}},"line":80},"3":{"name":"onClick","decl":{"start":{"line":89,"column":35},"end":{"line":89,"column":60}},"loc":{"start":{"line":89,"column":35},"end":{"line":89,"column":60}},"line":89},"4":{"name":"onClick","decl":{"start":{"line":103,"column":39},"end":{"line":103,"column":82}},"loc":{"start":{"line":103,"column":39},"end":{"line":103,"column":82}},"line":103},"5":{"name":"onClick","decl":{"start":{"line":121,"column":31},"end":{"line":121,"column":65}},"loc":{"start":{"line":121,"column":31},"end":{"line":121,"column":65}},"line":121},"6":{"name":"onClick","decl":{"start":{"line":137,"column":41},"end":{"line":137,"column":69}},"loc":{"start":{"line":137,"column":41},"end":{"line":137,"column":69}},"line":137},"7":{"name":"onChange","decl":{"start":{"line":141,"column":45},"end":{"line":141,"column":78}},"loc":{"start":{"line":141,"column":45},"end":{"line":141,"column":78}},"line":141},"8":{"name":"onClick","decl":{"start":{"line":145,"column":31},"end":{"line":145,"column":82}},"loc":{"start":{"line":145,"column":31},"end":{"line":145,"column":82}},"line":145},"9":{"name":"onClick","decl":{"start":{"line":149,"column":35},"end":{"line":149,"column":78}},"loc":{"start":{"line":149,"column":35},"end":{"line":149,"column":78}},"line":149}},"f":{"0":10,"1":2,"2":1,"3":0,"4":0,"5":1,"6":0,"7":0,"8":0,"9":0}}
,"C:\\Users\\CETECOM\\Desktop\\frontend_HH\\src\\components\\ScrollToTop.jsx": {"path":"C:\\Users\\CETECOM\\Desktop\\frontend_HH\\src\\components\\ScrollToTop.jsx","all":true,"statementMap":{"0":{"start":{"line":1,"column":0},"end":{"line":1,"column":33}},"1":{"start":{"line":2,"column":0},"end":{"line":2,"column":46}},"3":{"start":{"line":4,"column":0},"end":{"line":4,"column":62}},"4":{"start":{"line":5,"column":0},"end":{"line":5,"column":50}},"6":{"start":{"line":7,"column":0},"end":{"line":7,"column":19}},"8":{"start":{"line":9,"column":0},"end":{"line":9,"column":15}},"10":{"start":{"line":11,"column":0},"end":{"line":11,"column":24}},"11":{"start":{"line":12,"column":0},"end":{"line":12,"column":47}},"12":{"start":{"line":13,"column":0},"end":{"line":13,"column":17}},"13":{"start":{"line":14,"column":0},"end":{"line":14,"column":57}},"14":{"start":{"line":15,"column":0},"end":{"line":15,"column":16}},"15":{"start":{"line":16,"column":0},"end":{"line":16,"column":9}},"16":{"start":{"line":17,"column":0},"end":{"line":17,"column":45}},"17":{"start":{"line":18,"column":0},"end":{"line":18,"column":12}},"18":{"start":{"line":19,"column":0},"end":{"line":19,"column":12}},"19":{"start":{"line":20,"column":0},"end":{"line":20,"column":43}},"20":{"start":{"line":21,"column":0},"end":{"line":21,"column":5}},"21":{"start":{"line":22,"column":0},"end":{"line":22,"column":40}},"23":{"start":{"line":24,"column":0},"end":{"line":24,"column":13}},"24":{"start":{"line":25,"column":0},"end":{"line":25,"column":1}}},"s":{"0":0,"1":0,"3":0,"4":0,"6":0,"8":0,"10":0,"11":0,"12":0,"13":0,"14":0,"15":0,"16":0,"17":0,"18":0,"19":0,"20":0,"21":0,"23":0,"24":0},"branchMap":{"0":{"type":"branch","line":1,"loc":{"start":{"line":1,"column":742},"end":{"line":25,"column":1}},"locations":[{"start":{"line":1,"column":742},"end":{"line":25,"column":1}}]}},"b":{"0":[0]},"fnMap":{"0":{"name":"(empty-report)","decl":{"start":{"line":1,"column":742},"end":{"line":25,"column":1}},"loc":{"start":{"line":1,"column":742},"end":{"line":25,"column":1}},"line":1}},"f":{"0":0}}
,"C:\\Users\\CETECOM\\Desktop\\frontend_HH\\src\\context\\AuthContext.jsx": {"path":"C:\\Users\\CETECOM\\Desktop\\frontend_HH\\src\\context\\AuthContext.jsx","all":true,"statementMap":{"0":{"start":{"line":1,"column":0},"end":{"line":1,"column":77}},"1":{"start":{"line":2,"column":0},"end":{"line":2,"column":123}},"3":{"start":{"line":4,"column":0},"end":{"line":4,"column":39}},"5":{"start":{"line":6,"column":0},"end":{"line":6,"column":44}},"6":{"start":{"line":7,"column":0},"end":{"line":7,"column":42}},"7":{"start":{"line":8,"column":0},"end":{"line":8,"column":9}},"8":{"start":{"line":9,"column":0},"end":{"line":9,"column":49}},"9":{"start":{"line":10,"column":0},"end":{"line":10,"column":41}},"10":{"start":{"line":11,"column":0},"end":{"line":11,"column":17}},"11":{"start":{"line":12,"column":0},"end":{"line":12,"column":17}},"12":{"start":{"line":13,"column":0},"end":{"line":13,"column":5}},"13":{"start":{"line":14,"column":0},"end":{"line":14,"column":4}},"15":{"start":{"line":16,"column":0},"end":{"line":16,"column":32}},"17":{"start":{"line":18,"column":0},"end":{"line":18,"column":19}},"19":{"start":{"line":20,"column":0},"end":{"line":20,"column":27}},"20":{"start":{"line":21,"column":0},"end":{"line":21,"column":32}},"21":{"start":{"line":22,"column":0},"end":{"line":22,"column":13}},"22":{"start":{"line":23,"column":0},"end":{"line":23,"column":61}},"23":{"start":{"line":24,"column":0},"end":{"line":24,"column":23}},"24":{"start":{"line":25,"column":0},"end":{"line":25,"column":23}},"25":{"start":{"line":26,"column":0},"end":{"line":26,"column":9}},"26":{"start":{"line":27,"column":0},"end":{"line":27,"column":7}},"27":{"start":{"line":28,"column":0},"end":{"line":28,"column":5}},"28":{"start":{"line":29,"column":0},"end":{"line":29,"column":49}},"29":{"start":{"line":30,"column":0},"end":{"line":30,"column":65}},"30":{"start":{"line":31,"column":0},"end":{"line":31,"column":8}},"32":{"start":{"line":33,"column":0},"end":{"line":33,"column":44}},"33":{"start":{"line":34,"column":0},"end":{"line":34,"column":58}},"35":{"start":{"line":36,"column":0},"end":{"line":36,"column":28}},"36":{"start":{"line":37,"column":0},"end":{"line":37,"column":25}},"37":{"start":{"line":38,"column":0},"end":{"line":38,"column":33}},"38":{"start":{"line":39,"column":0},"end":{"line":39,"column":23}},"39":{"start":{"line":40,"column":0},"end":{"line":40,"column":31}},"40":{"start":{"line":41,"column":0},"end":{"line":41,"column":18}},"41":{"start":{"line":42,"column":0},"end":{"line":42,"column":5}},"42":{"start":{"line":43,"column":0},"end":{"line":43,"column":14}},"43":{"start":{"line":44,"column":0},"end":{"line":44,"column":3}},"45":{"start":{"line":46,"column":0},"end":{"line":46,"column":42}},"46":{"start":{"line":47,"column":0},"end":{"line":47,"column":67}},"47":{"start":{"line":48,"column":0},"end":{"line":48,"column":70}},"49":{"start":{"line":50,"column":0},"end":{"line":50,"column":9}},"50":{"start":{"line":51,"column":0},"end":{"line":51,"column":68}},"51":{"start":{"line":52,"column":0},"end":{"line":52,"column":17}},"53":{"start":{"line":54,"column":0},"end":{"line":54,"column":5}},"54":{"start":{"line":55,"column":0},"end":{"line":55,"column":20}},"55":{"start":{"line":56,"column":0},"end":{"line":56,"column":18}},"56":{"start":{"line":57,"column":0},"end":{"line":57,"column":3}},"58":{"start":{"line":59,"column":0},"end":{"line":59,"column":21}},"59":{"start":{"line":60,"column":0},"end":{"line":60,"column":14}},"60":{"start":{"line":61,"column":0},"end":{"line":61,"column":17}},"61":{"start":{"line":62,"column":0},"end":{"line":62,"column":3}},"63":{"start":{"line":64,"column":0},"end":{"line":64,"column":36}},"65":{"start":{"line":66,"column":0},"end":{"line":66,"column":49}},"66":{"start":{"line":67,"column":0},"end":{"line":67,"column":18}},"67":{"start":{"line":68,"column":0},"end":{"line":68,"column":3}},"69":{"start":{"line":70,"column":0},"end":{"line":70,"column":10}},"70":{"start":{"line":71,"column":0},"end":{"line":71,"column":100}},"71":{"start":{"line":72,"column":0},"end":{"line":72,"column":16}},"72":{"start":{"line":73,"column":0},"end":{"line":73,"column":27}},"74":{"start":{"line":75,"column":0},"end":{"line":75,"column":1}},"76":{"start":{"line":77,"column":0},"end":{"line":77,"column":27}},"77":{"start":{"line":78,"column":0},"end":{"line":78,"column":37}},"78":{"start":{"line":79,"column":0},"end":{"line":79,"column":71}},"79":{"start":{"line":80,"column":0},"end":{"line":80,"column":12}},"80":{"start":{"line":81,"column":0},"end":{"line":81,"column":1}},"82":{"start":{"line":83,"column":0},"end":{"line":83,"column":26}}},"s":{"0":0,"1":0,"3":0,"5":0,"6":0,"7":0,"8":0,"9":0,"10":0,"11":0,"12":0,"13":0,"15":0,"17":0,"19":0,"20":0,"21":0,"22":0,"23":0,"24":0,"25":0,"26":0,"27":0,"28":0,"29":0,"30":0,"32":0,"33":0,"35":0,"36":0,"37":0,"38":0,"39":0,"40":0,"41":0,"42":0,"43":0,"45":0,"46":0,"47":0,"49":0,"50":0,"51":0,"53":0,"54":0,"55":0,"56":0,"58":0,"59":0,"60":0,"61":0,"63":0,"65":0,"66":0,"67":0,"69":0,"70":0,"71":0,"72":0,"74":0,"76":0,"77":0,"78":0,"79":0,"80":0,"82":0},"branchMap":{"0":{"type":"branch","line":1,"loc":{"start":{"line":1,"column":2308},"end":{"line":83,"column":26}},"locations":[{"start":{"line":1,"column":2308},"end":{"line":83,"column":26}}]}},"b":{"0":[0]},"fnMap":{"0":{"name":"(empty-report)","decl":{"start":{"line":1,"column":2308},"end":{"line":83,"column":26}},"loc":{"start":{"line":1,"column":2308},"end":{"line":83,"column":26}},"line":1}},"f":{"0":0}}
,"C:\\Users\\CETECOM\\Desktop\\frontend_HH\\src\\context\\CartContext.jsx": {"path":"C:\\Users\\CETECOM\\Desktop\\frontend_HH\\src\\context\\CartContext.jsx","all":true,"statementMap":{"0":{"start":{"line":1,"column":0},"end":{"line":1,"column":77}},"1":{"start":{"line":2,"column":0},"end":{"line":2,"column":116}},"3":{"start":{"line":4,"column":0},"end":{"line":4,"column":39}},"5":{"start":{"line":6,"column":0},"end":{"line":6,"column":44}},"6":{"start":{"line":7,"column":0},"end":{"line":7,"column":42}},"7":{"start":{"line":8,"column":0},"end":{"line":8,"column":9}},"8":{"start":{"line":9,"column":0},"end":{"line":9,"column":46}},"9":{"start":{"line":10,"column":0},"end":{"line":10,"column":39}},"10":{"start":{"line":11,"column":0},"end":{"line":11,"column":17}},"11":{"start":{"line":12,"column":0},"end":{"line":12,"column":15}},"12":{"start":{"line":13,"column":0},"end":{"line":13,"column":5}},"13":{"start":{"line":14,"column":0},"end":{"line":14,"column":4}},"15":{"start":{"line":16,"column":0},"end":{"line":16,"column":49}},"18":{"start":{"line":19,"column":0},"end":{"line":19,"column":30}},"19":{"start":{"line":20,"column":0},"end":{"line":20,"column":9}},"20":{"start":{"line":21,"column":0},"end":{"line":21,"column":48}},"21":{"start":{"line":22,"column":0},"end":{"line":22,"column":15}},"22":{"start":{"line":23,"column":0},"end":{"line":23,"column":101}},"23":{"start":{"line":24,"column":0},"end":{"line":24,"column":45}},"24":{"start":{"line":25,"column":0},"end":{"line":25,"column":7}},"25":{"start":{"line":26,"column":0},"end":{"line":26,"column":14}},"26":{"start":{"line":27,"column":0},"end":{"line":27,"column":17}},"27":{"start":{"line":28,"column":0},"end":{"line":28,"column":19}},"28":{"start":{"line":29,"column":0},"end":{"line":29,"column":5}},"29":{"start":{"line":30,"column":0},"end":{"line":30,"column":3}},"30":{"start":{"line":31,"column":0},"end":{"line":31,"column":34}},"33":{"start":{"line":34,"column":0},"end":{"line":34,"column":19}},"34":{"start":{"line":35,"column":0},"end":{"line":35,"column":22}},"35":{"start":{"line":36,"column":0},"end":{"line":36,"column":19}},"36":{"start":{"line":37,"column":0},"end":{"line":37,"column":11}},"37":{"start":{"line":38,"column":0},"end":{"line":38,"column":52}},"38":{"start":{"line":39,"column":0},"end":{"line":39,"column":53}},"39":{"start":{"line":40,"column":0},"end":{"line":40,"column":51}},"40":{"start":{"line":41,"column":0},"end":{"line":41,"column":26}},"41":{"start":{"line":42,"column":0},"end":{"line":42,"column":25}},"42":{"start":{"line":43,"column":0},"end":{"line":43,"column":25}},"43":{"start":{"line":44,"column":0},"end":{"line":44,"column":21}},"44":{"start":{"line":45,"column":0},"end":{"line":45,"column":25}},"45":{"start":{"line":46,"column":0},"end":{"line":46,"column":25}},"46":{"start":{"line":47,"column":0},"end":{"line":47,"column":23}},"47":{"start":{"line":48,"column":0},"end":{"line":48,"column":23}},"48":{"start":{"line":49,"column":0},"end":{"line":49,"column":11}},"49":{"start":{"line":50,"column":0},"end":{"line":50,"column":35}},"50":{"start":{"line":51,"column":0},"end":{"line":51,"column":19}},"52":{"start":{"line":53,"column":0},"end":{"line":53,"column":62}},"53":{"start":{"line":54,"column":0},"end":{"line":54,"column":7}},"54":{"start":{"line":55,"column":0},"end":{"line":55,"column":8}},"55":{"start":{"line":56,"column":0},"end":{"line":56,"column":36}},"56":{"start":{"line":57,"column":0},"end":{"line":57,"column":8}},"58":{"start":{"line":59,"column":0},"end":{"line":59,"column":43}},"60":{"start":{"line":61,"column":0},"end":{"line":61,"column":21}},"61":{"start":{"line":62,"column":0},"end":{"line":62,"column":55}},"62":{"start":{"line":63,"column":0},"end":{"line":63,"column":18}},"63":{"start":{"line":64,"column":0},"end":{"line":64,"column":82}},"64":{"start":{"line":65,"column":0},"end":{"line":65,"column":7}},"65":{"start":{"line":66,"column":0},"end":{"line":66,"column":43}},"66":{"start":{"line":67,"column":0},"end":{"line":67,"column":6}},"69":{"start":{"line":70,"column":0},"end":{"line":70,"column":19}},"70":{"start":{"line":71,"column":0},"end":{"line":71,"column":11}},"72":{"start":{"line":73,"column":0},"end":{"line":73,"column":81}},"73":{"start":{"line":74,"column":0},"end":{"line":74,"column":53}},"74":{"start":{"line":75,"column":0},"end":{"line":75,"column":55}},"75":{"start":{"line":76,"column":0},"end":{"line":76,"column":34}},"76":{"start":{"line":77,"column":0},"end":{"line":77,"column":81}},"77":{"start":{"line":78,"column":0},"end":{"line":78,"column":16}},"78":{"start":{"line":79,"column":0},"end":{"line":79,"column":9}},"81":{"start":{"line":82,"column":0},"end":{"line":82,"column":33}},"82":{"start":{"line":83,"column":0},"end":{"line":83,"column":42}},"83":{"start":{"line":84,"column":0},"end":{"line":84,"column":41}},"84":{"start":{"line":85,"column":0},"end":{"line":85,"column":49}},"85":{"start":{"line":86,"column":0},"end":{"line":86,"column":37}},"86":{"start":{"line":87,"column":0},"end":{"line":87,"column":41}},"87":{"start":{"line":88,"column":0},"end":{"line":88,"column":45}},"88":{"start":{"line":89,"column":0},"end":{"line":89,"column":45}},"91":{"start":{"line":92,"column":0},"end":{"line":92,"column":25}},"92":{"start":{"line":93,"column":0},"end":{"line":93,"column":28}},"93":{"start":{"line":94,"column":0},"end":{"line":94,"column":89}},"94":{"start":{"line":95,"column":0},"end":{"line":95,"column":34}},"95":{"start":{"line":96,"column":0},"end":{"line":96,"column":57}},"96":{"start":{"line":97,"column":0},"end":{"line":97,"column":17}},"97":{"start":{"line":98,"column":0},"end":{"line":98,"column":69}},"98":{"start":{"line":99,"column":0},"end":{"line":99,"column":27}},"99":{"start":{"line":100,"column":0},"end":{"line":100,"column":27}},"100":{"start":{"line":101,"column":0},"end":{"line":101,"column":13}},"101":{"start":{"line":102,"column":0},"end":{"line":102,"column":11}},"102":{"start":{"line":103,"column":0},"end":{"line":103,"column":9}},"104":{"start":{"line":105,"column":0},"end":{"line":105,"column":21}},"105":{"start":{"line":106,"column":0},"end":{"line":106,"column":15}},"106":{"start":{"line":107,"column":0},"end":{"line":107,"column":41}},"107":{"start":{"line":108,"column":0},"end":{"line":108,"column":23}},"108":{"start":{"line":109,"column":0},"end":{"line":109,"column":41}},"109":{"start":{"line":110,"column":0},"end":{"line":110,"column":45}},"110":{"start":{"line":111,"column":0},"end":{"line":111,"column":76}},"111":{"start":{"line":112,"column":0},"end":{"line":112,"column":71}},"112":{"start":{"line":113,"column":0},"end":{"line":113,"column":45}},"113":{"start":{"line":114,"column":0},"end":{"line":114,"column":13}},"114":{"start":{"line":115,"column":0},"end":{"line":115,"column":25}},"115":{"start":{"line":116,"column":0},"end":{"line":116,"column":78}},"116":{"start":{"line":117,"column":0},"end":{"line":117,"column":11}},"117":{"start":{"line":118,"column":0},"end":{"line":118,"column":9}},"119":{"start":{"line":120,"column":0},"end":{"line":120,"column":13}},"120":{"start":{"line":121,"column":0},"end":{"line":121,"column":66}},"121":{"start":{"line":122,"column":0},"end":{"line":122,"column":38}},"122":{"start":{"line":123,"column":0},"end":{"line":123,"column":100}},"123":{"start":{"line":124,"column":0},"end":{"line":124,"column":18}},"124":{"start":{"line":125,"column":0},"end":{"line":125,"column":11}},"125":{"start":{"line":126,"column":0},"end":{"line":126,"column":23}},"127":{"start":{"line":128,"column":0},"end":{"line":128,"column":15}},"128":{"start":{"line":129,"column":0},"end":{"line":129,"column":26}},"129":{"start":{"line":130,"column":0},"end":{"line":130,"column":36}},"130":{"start":{"line":131,"column":0},"end":{"line":131,"column":35}},"131":{"start":{"line":132,"column":0},"end":{"line":132,"column":35}},"132":{"start":{"line":133,"column":0},"end":{"line":133,"column":18}},"133":{"start":{"line":134,"column":0},"end":{"line":134,"column":24}},"134":{"start":{"line":135,"column":0},"end":{"line":135,"column":39}},"135":{"start":{"line":136,"column":0},"end":{"line":136,"column":38}},"136":{"start":{"line":137,"column":0},"end":{"line":137,"column":13}},"137":{"start":{"line":138,"column":0},"end":{"line":138,"column":66}},"138":{"start":{"line":139,"column":0},"end":{"line":139,"column":40}},"139":{"start":{"line":140,"column":0},"end":{"line":140,"column":102}},"140":{"start":{"line":141,"column":0},"end":{"line":141,"column":20}},"141":{"start":{"line":142,"column":0},"end":{"line":142,"column":13}},"142":{"start":{"line":143,"column":0},"end":{"line":143,"column":26}},"144":{"start":{"line":145,"column":0},"end":{"line":145,"column":17}},"145":{"start":{"line":146,"column":0},"end":{"line":146,"column":68}},"146":{"start":{"line":147,"column":0},"end":{"line":147,"column":100}},"147":{"start":{"line":148,"column":0},"end":{"line":148,"column":46}},"148":{"start":{"line":149,"column":0},"end":{"line":149,"column":31}},"149":{"start":{"line":150,"column":0},"end":{"line":150,"column":40}},"150":{"start":{"line":151,"column":0},"end":{"line":151,"column":39}},"151":{"start":{"line":152,"column":0},"end":{"line":152,"column":39}},"152":{"start":{"line":153,"column":0},"end":{"line":153,"column":22}},"153":{"start":{"line":154,"column":0},"end":{"line":154,"column":28}},"154":{"start":{"line":155,"column":0},"end":{"line":155,"column":43}},"155":{"start":{"line":156,"column":0},"end":{"line":156,"column":43}},"156":{"start":{"line":157,"column":0},"end":{"line":157,"column":34}},"157":{"start":{"line":158,"column":0},"end":{"line":158,"column":17}},"158":{"start":{"line":159,"column":0},"end":{"line":159,"column":72}},"159":{"start":{"line":160,"column":0},"end":{"line":160,"column":46}},"160":{"start":{"line":161,"column":0},"end":{"line":161,"column":107}},"161":{"start":{"line":162,"column":0},"end":{"line":162,"column":24}},"162":{"start":{"line":163,"column":0},"end":{"line":163,"column":17}},"163":{"start":{"line":164,"column":0},"end":{"line":164,"column":15}},"164":{"start":{"line":165,"column":0},"end":{"line":165,"column":28}},"165":{"start":{"line":166,"column":0},"end":{"line":166,"column":75}},"166":{"start":{"line":167,"column":0},"end":{"line":167,"column":13}},"168":{"start":{"line":169,"column":0},"end":{"line":169,"column":101}},"169":{"start":{"line":170,"column":0},"end":{"line":170,"column":11}},"170":{"start":{"line":171,"column":0},"end":{"line":171,"column":9}},"171":{"start":{"line":172,"column":0},"end":{"line":172,"column":19}},"172":{"start":{"line":173,"column":0},"end":{"line":173,"column":65}},"173":{"start":{"line":174,"column":0},"end":{"line":174,"column":7}},"174":{"start":{"line":175,"column":0},"end":{"line":175,"column":8}},"175":{"start":{"line":176,"column":0},"end":{"line":176,"column":3}},"177":{"start":{"line":178,"column":0},"end":{"line":178,"column":34}},"179":{"start":{"line":180,"column":0},"end":{"line":180,"column":45}},"180":{"start":{"line":181,"column":0},"end":{"line":181,"column":50}},"182":{"start":{"line":183,"column":0},"end":{"line":183,"column":19}},"183":{"start":{"line":184,"column":0},"end":{"line":184,"column":11}},"184":{"start":{"line":185,"column":0},"end":{"line":185,"column":40}},"185":{"start":{"line":186,"column":0},"end":{"line":186,"column":64}},"186":{"start":{"line":187,"column":0},"end":{"line":187,"column":14}},"188":{"start":{"line":189,"column":0},"end":{"line":189,"column":75}},"189":{"start":{"line":190,"column":0},"end":{"line":190,"column":55}},"190":{"start":{"line":191,"column":0},"end":{"line":191,"column":57}},"191":{"start":{"line":192,"column":0},"end":{"line":192,"column":61}},"192":{"start":{"line":193,"column":0},"end":{"line":193,"column":11}},"193":{"start":{"line":194,"column":0},"end":{"line":194,"column":9}},"194":{"start":{"line":195,"column":0},"end":{"line":195,"column":19}},"195":{"start":{"line":196,"column":0},"end":{"line":196,"column":69}},"196":{"start":{"line":197,"column":0},"end":{"line":197,"column":7}},"197":{"start":{"line":198,"column":0},"end":{"line":198,"column":8}},"198":{"start":{"line":199,"column":0},"end":{"line":199,"column":3}},"200":{"start":{"line":201,"column":0},"end":{"line":201,"column":27}},"202":{"start":{"line":203,"column":0},"end":{"line":203,"column":29}},"203":{"start":{"line":204,"column":0},"end":{"line":204,"column":15}},"204":{"start":{"line":205,"column":0},"end":{"line":205,"column":19}},"205":{"start":{"line":206,"column":0},"end":{"line":206,"column":11}},"207":{"start":{"line":208,"column":0},"end":{"line":208,"column":52}},"208":{"start":{"line":209,"column":0},"end":{"line":209,"column":53}},"209":{"start":{"line":210,"column":0},"end":{"line":210,"column":55}},"210":{"start":{"line":211,"column":0},"end":{"line":211,"column":101}},"211":{"start":{"line":212,"column":0},"end":{"line":212,"column":9}},"212":{"start":{"line":213,"column":0},"end":{"line":213,"column":19}},"213":{"start":{"line":214,"column":0},"end":{"line":214,"column":57}},"215":{"start":{"line":216,"column":0},"end":{"line":216,"column":21}},"216":{"start":{"line":217,"column":0},"end":{"line":217,"column":7}},"217":{"start":{"line":218,"column":0},"end":{"line":218,"column":8}},"218":{"start":{"line":219,"column":0},"end":{"line":219,"column":3}},"220":{"start":{"line":221,"column":0},"end":{"line":221,"column":34}},"221":{"start":{"line":222,"column":0},"end":{"line":222,"column":43}},"223":{"start":{"line":224,"column":0},"end":{"line":224,"column":67}},"224":{"start":{"line":225,"column":0},"end":{"line":225,"column":19}},"225":{"start":{"line":226,"column":0},"end":{"line":226,"column":11}},"226":{"start":{"line":227,"column":0},"end":{"line":227,"column":48}},"227":{"start":{"line":228,"column":0},"end":{"line":228,"column":39}},"228":{"start":{"line":229,"column":0},"end":{"line":229,"column":23}},"229":{"start":{"line":230,"column":0},"end":{"line":230,"column":61}},"230":{"start":{"line":231,"column":0},"end":{"line":231,"column":16}},"232":{"start":{"line":233,"column":0},"end":{"line":233,"column":75}},"233":{"start":{"line":234,"column":0},"end":{"line":234,"column":55}},"234":{"start":{"line":235,"column":0},"end":{"line":235,"column":57}},"235":{"start":{"line":236,"column":0},"end":{"line":236,"column":70}},"236":{"start":{"line":237,"column":0},"end":{"line":237,"column":11}},"237":{"start":{"line":238,"column":0},"end":{"line":238,"column":9}},"238":{"start":{"line":239,"column":0},"end":{"line":239,"column":19}},"239":{"start":{"line":240,"column":0},"end":{"line":240,"column":61}},"240":{"start":{"line":241,"column":0},"end":{"line":241,"column":7}},"241":{"start":{"line":242,"column":0},"end":{"line":242,"column":8}},"242":{"start":{"line":243,"column":0},"end":{"line":243,"column":3}},"244":{"start":{"line":245,"column":0},"end":{"line":245,"column":62}},"246":{"start":{"line":247,"column":0},"end":{"line":247,"column":59}},"247":{"start":{"line":248,"column":0},"end":{"line":248,"column":79}},"249":{"start":{"line":250,"column":0},"end":{"line":250,"column":32}},"250":{"start":{"line":251,"column":0},"end":{"line":251,"column":9}},"251":{"start":{"line":252,"column":0},"end":{"line":252,"column":123}},"252":{"start":{"line":253,"column":0},"end":{"line":253,"column":17}},"253":{"start":{"line":254,"column":0},"end":{"line":254,"column":23}},"254":{"start":{"line":255,"column":0},"end":{"line":255,"column":5}},"255":{"start":{"line":256,"column":0},"end":{"line":256,"column":3}},"257":{"start":{"line":258,"column":0},"end":{"line":258,"column":17}},"258":{"start":{"line":259,"column":0},"end":{"line":259,"column":9}},"259":{"start":{"line":260,"column":0},"end":{"line":260,"column":12}},"260":{"start":{"line":261,"column":0},"end":{"line":261,"column":13}},"261":{"start":{"line":262,"column":0},"end":{"line":262,"column":16}},"262":{"start":{"line":263,"column":0},"end":{"line":263,"column":14}},"263":{"start":{"line":264,"column":0},"end":{"line":264,"column":19}},"264":{"start":{"line":265,"column":0},"end":{"line":265,"column":14}},"265":{"start":{"line":266,"column":0},"end":{"line":266,"column":14}},"266":{"start":{"line":267,"column":0},"end":{"line":267,"column":14}},"267":{"start":{"line":268,
[...]
column":4}},"83":{"start":{"line":84,"column":0},"end":{"line":84,"column":31}},"84":{"start":{"line":85,"column":0},"end":{"line":85,"column":16}},"85":{"start":{"line":86,"column":0},"end":{"line":86,"column":55}},"86":{"start":{"line":87,"column":0},"end":{"line":87,"column":21}},"87":{"start":{"line":88,"column":0},"end":{"line":88,"column":72}},"88":{"start":{"line":89,"column":0},"end":{"line":89,"column":64}},"89":{"start":{"line":90,"column":0},"end":{"line":90,"column":17}},"90":{"start":{"line":91,"column":0},"end":{"line":91,"column":54}},"91":{"start":{"line":92,"column":0},"end":{"line":92,"column":61}},"92":{"start":{"line":93,"column":0},"end":{"line":93,"column":5}},"93":{"start":{"line":94,"column":0},"end":{"line":94,"column":70}},"94":{"start":{"line":95,"column":0},"end":{"line":95,"column":3}},"95":{"start":{"line":96,"column":0},"end":{"line":96,"column":37}},"96":{"start":{"line":97,"column":0},"end":{"line":97,"column":1}},"97":{"start":{"line":98,"column":0},"end":{"line":98,"column":0}},"98":{"start":{"line":99,"column":0},"end":{"line":99,"column":58}},"99":{"start":{"line":100,"column":0},"end":{"line":100,"column":66}},"100":{"start":{"line":101,"column":0},"end":{"line":101,"column":20}},"101":{"start":{"line":102,"column":0},"end":{"line":102,"column":31}},"102":{"start":{"line":103,"column":0},"end":{"line":103,"column":4}},"103":{"start":{"line":104,"column":0},"end":{"line":104,"column":1}},"104":{"start":{"line":105,"column":0},"end":{"line":105,"column":0}},"105":{"start":{"line":106,"column":0},"end":{"line":106,"column":52}},"106":{"start":{"line":107,"column":0},"end":{"line":107,"column":66}},"107":{"start":{"line":108,"column":0},"end":{"line":108,"column":21}},"108":{"start":{"line":109,"column":0},"end":{"line":109,"column":4}},"109":{"start":{"line":110,"column":0},"end":{"line":110,"column":1}},"110":{"start":{"line":111,"column":0},"end":{"line":111,"column":0}},"111":{"start":{"line":112,"column":0},"end":{"line":112,"column":25}},"112":{"start":{"line":113,"column":0},"end":{"line":113,"column":60}},"113":{"start":{"line":114,"column":0},"end":{"line":114,"column":74}},"114":{"start":{"line":115,"column":0},"end":{"line":115,"column":19}},"115":{"start":{"line":116,"column":0},"end":{"line":116,"column":49}},"116":{"start":{"line":117,"column":0},"end":{"line":117,"column":4}},"117":{"start":{"line":118,"column":0},"end":{"line":118,"column":25}},"118":{"start":{"line":119,"column":0},"end":{"line":119,"column":27}},"119":{"start":{"line":120,"column":0},"end":{"line":120,"column":9}},"120":{"start":{"line":121,"column":0},"end":{"line":121,"column":72}},"121":{"start":{"line":122,"column":0},"end":{"line":122,"column":17}},"122":{"start":{"line":123,"column":0},"end":{"line":123,"column":30}},"123":{"start":{"line":124,"column":0},"end":{"line":124,"column":5}},"124":{"start":{"line":125,"column":0},"end":{"line":125,"column":3}},"125":{"start":{"line":126,"column":0},"end":{"line":126,"column":12}},"126":{"start":{"line":127,"column":0},"end":{"line":127,"column":1}},"127":{"start":{"line":128,"column":0},"end":{"line":128,"column":0}},"128":{"start":{"line":129,"column":0},"end":{"line":129,"column":36}},"129":{"start":{"line":130,"column":0},"end":{"line":130,"column":16}},"130":{"start":{"line":131,"column":0},"end":{"line":131,"column":17}},"131":{"start":{"line":132,"column":0},"end":{"line":132,"column":18}},"132":{"start":{"line":133,"column":0},"end":{"line":133,"column":19}},"133":{"start":{"line":134,"column":0},"end":{"line":134,"column":8}},"134":{"start":{"line":135,"column":0},"end":{"line":135,"column":11}},"135":{"start":{"line":136,"column":0},"end":{"line":136,"column":18}},"136":{"start":{"line":137,"column":0},"end":{"line":137,"column":8}},"137":{"start":{"line":138,"column":0},"end":{"line":138,"column":10}},"138":{"start":{"line":139,"column":0},"end":{"line":139,"column":4}},"139":{"start":{"line":140,"column":0},"end":{"line":140,"column":51}},"140":{"start":{"line":141,"column":0},"end":{"line":141,"column":51}},"141":{"start":{"line":142,"column":0},"end":{"line":142,"column":56}},"142":{"start":{"line":143,"column":0},"end":{"line":143,"column":55}},"143":{"start":{"line":144,"column":0},"end":{"line":144,"column":58}},"144":{"start":{"line":145,"column":0},"end":{"line":145,"column":61}},"145":{"start":{"line":146,"column":0},"end":{"line":146,"column":64}},"146":{"start":{"line":147,"column":0},"end":{"line":147,"column":31}},"147":{"start":{"line":148,"column":0},"end":{"line":148,"column":37}},"148":{"start":{"line":149,"column":0},"end":{"line":149,"column":0}},"149":{"start":{"line":150,"column":0},"end":{"line":150,"column":51}},"150":{"start":{"line":151,"column":0},"end":{"line":151,"column":16}},"151":{"start":{"line":152,"column":0},"end":{"line":152,"column":1}},"152":{"start":{"line":153,"column":0},"end":{"line":153,"column":0}},"153":{"start":{"line":154,"column":0},"end":{"line":154,"column":26}},"154":{"start":{"line":155,"column":0},"end":{"line":155,"column":18}},"155":{"start":{"line":156,"column":0},"end":{"line":156,"column":1}},"156":{"start":{"line":157,"column":0},"end":{"line":157,"column":0}},"157":{"start":{"line":158,"column":0},"end":{"line":158,"column":65}},"158":{"start":{"line":159,"column":0},"end":{"line":159,"column":66}},"159":{"start":{"line":160,"column":0},"end":{"line":160,"column":30}},"160":{"start":{"line":161,"column":0},"end":{"line":161,"column":20}},"161":{"start":{"line":162,"column":0},"end":{"line":162,"column":57}},"162":{"start":{"line":163,"column":0},"end":{"line":163,"column":0}},"163":{"start":{"line":164,"column":0},"end":{"line":164,"column":82}},"164":{"start":{"line":165,"column":0},"end":{"line":165,"column":20}},"165":{"start":{"line":166,"column":0},"end":{"line":166,"column":12}},"166":{"start":{"line":167,"column":0},"end":{"line":167,"column":19}},"167":{"start":{"line":168,"column":0},"end":{"line":168,"column":4}},"168":{"start":{"line":169,"column":0},"end":{"line":169,"column":16}},"169":{"start":{"line":170,"column":0},"end":{"line":170,"column":33}},"170":{"start":{"line":171,"column":0},"end":{"line":171,"column":64}},"171":{"start":{"line":172,"column":0},"end":{"line":172,"column":3}},"172":{"start":{"line":173,"column":0},"end":{"line":173,"column":30}},"173":{"start":{"line":174,"column":0},"end":{"line":174,"column":35}},"174":{"start":{"line":175,"column":0},"end":{"line":175,"column":1}},"175":{"start":{"line":176,"column":0},"end":{"line":176,"column":0}},"176":{"start":{"line":177,"column":0},"end":{"line":177,"column":131}}},"s":{"0":1,"1":1,"2":16,"3":16,"4":16,"5":1,"6":2,"7":2,"8":2,"9":2,"10":2,"11":1,"12":1,"13":2,"14":1,"15":1,"16":1,"17":1,"18":1,"19":1,"20":10,"21":10,"22":10,"23":10,"24":10,"25":10,"26":10,"27":10,"28":10,"29":10,"30":4,"31":4,"32":4,"33":4,"34":4,"35":4,"36":4,"37":2,"38":2,"39":4,"40":2,"41":2,"42":4,"43":4,"44":4,"45":6,"46":6,"47":10,"48":10,"49":1,"50":1,"51":5,"52":5,"53":1,"54":1,"55":3,"56":2,"57":3,"58":1,"59":1,"60":1,"61":1,"62":0,"63":0,"64":1,"65":1,"66":2,"67":2,"68":2,"69":2,"70":2,"71":1,"72":1,"73":1,"74":4,"75":4,"76":4,"77":4,"78":4,"79":4,"80":4,"81":4,"82":4,"83":4,"84":4,"85":3,"86":3,"87":3,"88":3,"89":3,"90":3,"91":1,"92":1,"93":3,"94":3,"95":4,"96":4,"97":1,"98":1,"99":0,"100":0,"101":0,"102":0,"103":0,"104":1,"105":1,"106":1,"107":1,"108":1,"109":1,"110":1,"111":1,"112":1,"113":2,"114":2,"115":2,"116":2,"117":2,"118":2,"119":2,"120":2,"121":2,"122":1,"123":1,"124":2,"125":2,"126":2,"127":1,"128":1,"129":2,"130":2,"131":2,"132":2,"133":2,"134":2,"135":2,"136":2,"137":2,"138":2,"139":2,"140":2,"141":2,"142":2,"143":2,"144":2,"145":2,"146":2,"147":2,"148":2,"149":2,"150":2,"151":2,"152":1,"153":1,"154":1,"155":1,"156":1,"157":1,"158":1,"159":2,"160":2,"161":2,"162":2,"163":2,"164":2,"165":2,"166":2,"167":2,"168":2,"169":1,"170":1,"171":1,"172":1,"173":2,"174":2,"175":1,"176":1},"branchMap":{"0":{"type":"branch","line":3,"loc":{"start":{"line":3,"column":0},"end":{"line":5,"column":1}},"locations":[{"start":{"line":3,"column":0},"end":{"line":5,"column":1}}]},"1":{"type":"branch","line":7,"loc":{"start":{"line":7,"column":0},"end":{"line":14,"column":1}},"locations":[{"start":{"line":7,"column":0},"end":{"line":14,"column":1}}]},"2":{"type":"branch","line":8,"loc":{"start":{"line":8,"column":14},"end":{"line":8,"column":20}},"locations":[{"start":{"line":8,"column":14},"end":{"line":8,"column":20}}]},"3":{"type":"branch","line":11,"loc":{"start":{"line":11,"column":4},"end":{"line":13,"column":3}},"locations":[{"start":{"line":11,"column":4},"end":{"line":13,"column":3}}]},"4":{"type":"branch","line":16,"loc":{"start":{"line":16,"column":0},"end":{"line":19,"column":1}},"locations":[{"start":{"line":16,"column":0},"end":{"line":19,"column":1}}]},"5":{"type":"branch","line":21,"loc":{"start":{"line":21,"column":0},"end":{"line":49,"column":1}},"locations":[{"start":{"line":21,"column":0},"end":{"line":49,"column":1}}]},"6":{"type":"branch","line":24,"loc":{"start":{"line":24,"column":13},"end":{"line":24,"column":57}},"locations":[{"start":{"line":24,"column":13},"end":{"line":24,"column":57}}]},"7":{"type":"branch","line":30,"loc":{"start":{"line":30,"column":15},"end":{"line":45,"column":3}},"locations":[{"start":{"line":30,"column":15},"end":{"line":45,"column":3}}]},"8":{"type":"branch","line":35,"loc":{"start":{"line":35,"column":37},"end":{"line":35,"column":44}},"locations":[{"start":{"line":35,"column":37},"end":{"line":35,"column":44}}]},"9":{"type":"branch","line":36,"loc":{"start":{"line":36,"column":26},"end":{"line":36,"column":43}},"locations":[{"start":{"line":36,"column":26},"end":{"line":36,"column":43}}]},"10":{"type":"branch","line":36,"loc":{"start":{"line":36,"column":45},"end":{"line":36,"column":69}},"locations":[{"start":{"line":36,"column":45},"end":{"line":36,"column":69}}]},"11":{"type":"branch","line":36,"loc":{"start":{"line":36,"column":70},"end":{"line":36,"column":76}},"locations":[{"start":{"line":36,"column":70},"end":{"line":36,"column":76}}]},"12":{"type":"branch","line":37,"loc":{"start":{"line":37,"column":29},"end":{"line":37,"column":82}},"locations":[{"start":{"line":37,"column":29},"end":{"line":37,"column":82}}]},"13":{"type":"branch","line":37,"loc":{"start":{"line":37,"column":84},"end":{"line":39,"column":7}},"locations":[{"start":{"line":37,"column":84},"end":{"line":39,"column":7}}]},"14":{"type":"branch","line":40,"loc":{"start":{"line":40,"column":6},"end":{"line":42,"column":5}},"locations":[{"start":{"line":40,"column":6},"end":{"line":42,"column":5}}]},"15":{"type":"branch","line":45,"loc":{"start":{"line":45,"column":2},"end":{"line":48,"column":13}},"locations":[{"start":{"line":45,"column":2},"end":{"line":48,"column":13}}]},"16":{"type":"branch","line":48,"loc":{"start":{"line":48,"column":13},"end":{"line":48,"column":30}},"locations":[{"start":{"line":48,"column":13},"end":{"line":48,"column":30}}]},"17":{"type":"branch","line":48,"loc":{"start":{"line":48,"column":31},"end":{"line":48,"column":35}},"locations":[{"start":{"line":48,"column":31},"end":{"line":48,"column":35}}]},"18":{"type":"branch","line":51,"loc":{"start":{"line":51,"column":7},"end":{"line":53,"column":1}},"locations":[{"start":{"line":51,"column":7},"end":{"line":53,"column":1}}]},"19":{"type":"branch","line":55,"loc":{"start":{"line":55,"column":7},"end":{"line":60,"column":1}},"locations":[{"start":{"line":55,"column":7},"end":{"line":60,"column":1}}]},"20":{"type":"branch","line":56,"loc":{"start":{"line":56,"column":17},"end":{"line":56,"column":26}},"locations":[{"start":{"line":56,"column":17},"end":{"line":56,"column":26}}]},"21":{"type":"branch","line":57,"loc":{"start":{"line":57,"column":-2},"end":{"line":58,"column":105}},"locations":[{"start":{"line":57,"column":-2},"end":{"line":58,"column":105}}]},"22":{"type":"branch","line":58,"loc":{"start":{"line":58,"column":107},"end":{"line":60,"column":1}},"locations":[{"start":{"line":58,"column":107},"end":{"line":60,"column":1}}]},"23":{"type":"branch","line":66,"loc":{"start":{"line":66,"column":7},"end":{"line":71,"column":1}},"locations":[{"start":{"line":66,"column":7},"end":{"line":71,"column":1}}]},"24":{"type":"branch","line":74,"loc":{"start":{"line":74,"column":7},"end":{"line":97,"column":1}},"locations":[{"start":{"line":74,"column":7},"end":{"line":97,"column":1}}]},"25":{"type":"branch","line":77,"loc":{"start":{"line":77,"column":13},"end":{"line":77,"column":57}},"locations":[{"start":{"line":77,"column":13},"end":{"line":77,"column":57}}]},"26":{"type":"branch","line":85,"loc":{"start":{"line":85,"column":15},"end":{"line":95,"column":3}},"locations":[{"start":{"line":85,"column":15},"end":{"line":95,"column":3}}]},"27":{"type":"branch","line":88,"loc":{"start":{"line":88,"column":35},"end":{"line":88,"column":42}},"locations":[{"start":{"line":88,"column":35},"end":{"line":88,"column":42}}]},"28":{"type":"branch","line":88,"loc":{"start":{"line":88,"column":46},"end":{"line":88,"column":72}},"locations":[{"start":{"line":88,"column":46},"end":{"line":88,"column":72}}]},"29":{"type":"branch","line":89,"loc":{"start":{"line":89,"column":58},"end":{"line":89,"column":64}},"locations":[{"start":{"line":89,"column":58},"end":{"line":89,"column":64}}]},"30":{"type":"branch","line":91,"loc":{"start":{"line":91,"column":53},"end":{"line":93,"column":5}},"locations":[{"start":{"line":91,"column":53},"end":{"line":93,"column":5}}]},"31":{"type":"branch","line":95,"loc":{"start":{"line":95,"column":2},"end":{"line":96,"column":32}},"locations":[{"start":{"line":95,"column":2},"end":{"line":96,"column":32}}]},"32":{"type":"branch","line":96,"loc":{"start":{"line":96,"column":33},"end":{"line":96,"column":37}},"locations":[{"start":{"line":96,"column":33},"end":{"line":96,"column":37}}]},"33":{"type":"branch","line":106,"loc":{"start":{"line":106,"column":7},"end":{"line":110,"column":1}},"locations":[{"start":{"line":106,"column":7},"end":{"line":110,"column":1}}]},"34":{"type":"branch","line":113,"loc":{"start":{"line":113,"column":7},"end":{"line":127,"column":1}},"locations":[{"start":{"line":113,"column":7},"end":{"line":127,"column":1}}]},"35":{"type":"branch","line":121,"loc":{"start":{"line":121,"column":64},"end":{"line":121,"column":70}},"locations":[{"start":{"line":121,"column":64},"end":{"line":121,"column":70}}]},"36":{"type":"branch","line":122,"loc":{"start":{"line":122,"column":6},"end":{"line":124,"column":5}},"locations":[{"start":{"line":122,"column":6},"end":{"line":124,"column":5}}]},"37":{"type":"branch","line":129,"loc":{"start":{"line":129,"column":7},"end":{"line":152,"column":1}},"locations":[{"start":{"line":129,"column":7},"end":{"line":152,"column":1}}]},"38":{"type":"branch","line":143,"loc":{"start":{"line":143,"column":21},"end":{"line":143,"column":55}},"locations":[{"start":{"line":143,"column":21},"end":{"line":143,"column":55}}]},"39":{"type":"branch","line":144,"loc":{"start":{"line":144,"column":22},"end":{"line":144,"column":58}},"locations":[{"start":{"line":144,"column":22},"end":{"line":144,"column":58}}]},"40":{"type":"branch","line":145,"loc":{"start":{"line":145,"column":23},"end":{"line":145,"column":61}},"locations":[{"start":{"line":145,"column":23},"end":{"line":145,"column":61}}]},"41":{"type":"branch","line":146,"loc":{"start":{"line":146,"column":24},"end":{"line":146,"column":64}},"locations":[{"start":{"line":146,"column":24},"end":{"line":146,"column":64}}]},"42":{"type":"branch","line":147,"loc":{"start":{"line":147,"column":13},"end":{"line":147,"column":31}},"locations":[{"start":{"line":147,"column":13},"end":{"line":147,"column":31}}]},"43":{"type":"branch","line":148,"loc":{"start":{"line":148,"column":15},"end":{"line":148,"column":37}},"locations":[{"start":{"line":148,"column":15},"end":{"line":148,"column":37}}]},"44":{"type":"branch","line":154,"loc":{"start":{"line":154,"column":7},"end":{"line":156,"column":1}},"locations":[{"start":{"line":154,"column":7},"end":{"line":156,"column":1}}]},"45":{"type":"branch","line":159,"loc":{"start":{"line":159,"column":7},"end":{"line":175,"column":1}},"locations":[{"start":{"line":159,"column":7},"end":{"line":175,"column":1}}]},"46":{"type":"branch","line":162,"loc":{"start":{"line":162,"column":13},"end":{"line":162,"column":57}},"locations":[{"start":{"line":162,"column":13},"end":{"line":162,"column":57}}]},"47":{"type":"branch","line":169,"loc":{"start":{"line":169,"column":15},"end":{"line":174,"column":30}},"locations":[{"start":{"line":169,"column":15},"end":{"line":174,"column":30}}]},"48":{"type":"branch","line":174,"loc":{"start":{"line":174,"column":31},"end":{"line":174,"column":35}},"locations":[{"start":{"line":174,"column":31},"end":{"line":174,"column":35}}]}},"b":{"0":[16],"1":[2],"2":[0],"3":[1],"4":[1],"5":[10],"6":[0],"7":[4],"8":[0],"9":[2],"10":[2],"11":[0],"12":[2],"13":[2],"14":[2],"15":[6],"16":[5],"17":[1],"18":[5],"19":[3],"20":[1],"21":[2],"22":[1],"23":[2],"24":[4],"25":[0],"26":[3],"27":[0],"28":[0],"29":[0],"30":[1],"31":[1],"32":[0],"33":[1],"34":[2],"35":[0],"36":[1],"37":[2],"38":[1],"39":[1],"40":[1],"41":[1],"42":[1],"43":[1],"44":[1],"45":[2],"46":[0],"47":[1],"48":[0]},"fnMap":{"0":{"name":"getAuthToken","decl":{"start":{"line":3,"column":0},"end":{"line":5,"column":1}},"loc":{"start":{"line":3,"column":0},"end":{"line":5,"column":1}},"line":3},"1":{"name":"setAuthToken","decl":{"start":{"line":7,"column":0},"end":{"line":14,"column":1}},"loc":{"start":{"line":7,"column":0},"end":{"line":14,"column":1}},"line":7},"2":{"name":"clearAuthToken","decl":{"start":{"line":16,"column":0},"end":{"line":19,"column":1}},"loc":{"start":{"line":16,"column":0},"end":{"line":19,"column":1}},"line":16},"3":{"name":"request","decl":{"start":{"line":21,"column":0},"end":{"line":49,"column":1}},"loc":{"start":{"line":21,"column":0},"end":{"line":49,"column":1}},"line":21},"4":{"name":"getRecords","decl":{"start":{"line":51,"column":7},"end":{"line":53,"column":1}},"loc":{"start":{"line":51,"column":7},"end":{"line":53,"column":1}},"line":51},"5":{"name":"fileUrl","decl":{"start":{"line":55,"column":7},"end":{"line":60,"column":1}},"loc":{"start":{"line":55,"column":7},"end":{"line":60,"column":1}},"line":55},"6":{"name":"getRecord","decl":{"start":{"line":62,"column":7},"end":{"line":64,"column":1}},"loc":{"start":{"line":62,"column":7},"end":{"line":64,"column":1}},"line":62},"7":{"name":"createRecord","decl":{"start":{"line":66,"column":7},"end":{"line":71,"column":1}},"loc":{"start":{"line":66,"column":7},"end":{"line":71,"column":1}},"line":66},"8":{"name":"createRecordForm","decl":{"start":{"line":74,"column":7},"end":{"line":97,"column":1}},"loc":{"start":{"line":74,"column":7},"end":{"line":97,"column":1}},"line":74},"9":{"name":"updateRecord","decl":{"start":{"line":99,"column":7},"end":{"line":104,"column":1}},"loc":{"start":{"line":99,"column":7},"end":{"line":104,"column":1}},"line":99},"10":{"name":"deleteRecord","decl":{"start":{"line":106,"column":7},"end":{"line":110,"column":1}},"loc":{"start":{"line":106,"column":7},"end":{"line":110,"column":1}},"line":106},"11":{"name":"authWithPassword","decl":{"start":{"line":113,"column":7},"end":{"line":127,"column":1}},"loc":{"start":{"line":113,"column":7},"end":{"line":127,"column":1}},"line":113},"12":{"name":"registerUser","decl":{"start":{"line":129,"column":7},"end":{"line":152,"column":1}},"loc":{"start":{"line":129,"column":7},"end":{"line":152,"column":1}},"line":129},"13":{"name":"logout","decl":{"start":{"line":154,"column":7},"end":{"line":156,"column":1}},"loc":{"start":{"line":154,"column":7},"end":{"line":156,"column":1}},"line":154},"14":{"name":"updateRecordForm","decl":{"start":{"line":159,"column":7},"end":{"line":175,"column":1}},"loc":{"start":{"line":159,"column":7},"end":{"line":175,"column":1}},"line":159}},"f":{"0":16,"1":2,"2":1,"3":10,"4":5,"5":3,"6":0,"7":2,"8":4,"9":0,"10":1,"11":2,"12":2,"13":1,"14":2}}
}
